Proc 0 ball sent!
Proc 1 Ball get! Ball value is 42!
Ball Passed on! Ball value is 43!
Proc 0 Ball get! Ball value is 43 !
Proc 0 ball sent!
Proc 0 Ball get! Ball value is 45 !
Proc 0 ball sent!
Proc 0 Ball get! Ball value is 47 !
Proc 0 ball sent!
Proc 0 Ball get! Ball value is 49 !
Proc 0 ball sent!
Proc 0 Ball get! Ball value is 51 !
Proc 0 ball sent!
Proc 0 Ball get! Ball value is 53 !
Proc 0 ball sent!
Proc 1 Ball get! Ball value is 44!
Ball Passed on! Ball value is 45!
Proc 1 Ball get! Ball value is 46!
Ball Passed on! Ball value is 47!
Proc 1 Ball get! Ball value is 48!
Ball Passed on! Ball value is 49!
Proc 1 Ball get! Ball value is 50!
Ball Passed on! Ball value is 51!
Proc 1 Ball get! Ball value is 52!
Ball Passed on! Ball value is 53!
Proc 1 Ball get! Ball value is 54!
Ball Passed on! Ball value is 55!
Proc 1 Ball get! Ball value is 56!
Ball Passed on! Ball value is 57!
Proc 1 Ball get! Ball value is 58!
Proc 0 Ball get! Ball value is 55 !
Proc 0 ball sent!
Proc 0 Ball get! Ball value is 57 !
Proc 0 ball sent!
Proc 0 Ball get! Ball value is 59 !
Proc 0 ball sent!
Proc 0 Ball get! Ball value is 61 !
Proc 0 ball sent!
Proc 0 Ball get! Ball value is 63 !
Proc 0 ball sent!
Proc 0 Ball get! Ball value is 65 !
Ball Passed on! Ball value is 59!
Proc 1 Ball get! Ball value is 60!
Ball Passed on! Ball value is 61!
Proc 1 Ball get! Ball value is 62!
Ball Passed on! Ball value is 63!
Proc 1 Ball get! Ball value is 64!
Ball Passed on! Ball value is 65!
Proc 1 Ball get! Ball value is 66!
Ball Passed on! Ball value is 67!
Proc 0 ball sent!
Proc 0 Ball get! Ball value is 67 !
Proc 0 ball sent!
Proc 0 Ball get! Ball value is 69 !
Proc 0 ball sent!
Proc 0 Ball get! Ball value is 71 !
Proc 0 ball sent!
Proc 0 Ball get! Ball value is 73 !
Proc 1 Ball get! Ball value is 68!
Ball Passed on! Ball value is 69!
Proc 1 Ball get! Ball value is 70!
Ball Passed on! Ball value is 71!
Proc 1 Ball get! Ball value is 72!
Ball Passed on! Ball value is 73!
Proc 1 Ball get! Ball value is 74!
Proc 0 ball sent!
Proc 0 Ball get! Ball value is 75 !
Proc 0 ball sent!
Proc 0 Ball get! Ball value is 77 !
Proc 0 ball sent!
Proc 0 Ball get! Ball value is 79 !
Proc 0 ball sent!
Ball Passed on! Ball value is 75!
Proc 1 Ball get! Ball value is 76!
Ball Passed on! Ball value is 77!
Proc 1 Ball get! Ball value is 78!
Ball Passed on! Ball value is 79!
Proc 1 Ball get! Ball value is 80!
Ball Passed on! Ball value is 81!
Proc 0 Ball get! Ball value is 81 !
Proc 0 ball sent!
Proc 0 Ball get! Ball value is 83 !
Proc 0 ball sent!
Proc 1 Ball get! Ball value is 82!
Ball Passed on! Ball value is 83!
Proc 1 Ball get! Ball value is 84!
Ball Passed on! Ball value is 85!
Proc 1 Ball get! Ball value is 86!
Ball Passed on! Ball value is 87!
Proc 0 Ball get! Ball value is 85 !
Proc 0 ball sent!
Proc 0 Ball get! Ball value is 87 !
Proc 0 ball sent!
Proc 0 Ball get! Ball value is 89 !
Proc 0 ball sent!
Proc 0 Ball get! Ball value is 91 !
Proc 0 ball sent!
Proc 1 Ball get! Ball value is 88!
Ball Passed on! Ball value is 89!
Proc 1 Ball get! Ball value is 90!
Ball Passed on! Ball value is 91!
Proc 1 Ball get! Ball value is 92!
Ball Passed on! Ball value is 93!
Proc 0 Ball get! Ball value is 93 !
Proc 0 ball sent!
Proc 0 Ball get! Ball value is 95 !
Proc 0 ball sent!
Proc 0 Ball get! Ball value is 97 !
Proc 0 ball sent!
Proc 1 Ball get! Ball value is 94!
Ball Passed on! Ball value is 95!
Proc 1 Ball get! Ball value is 96!
Ball Passed on! Ball value is 97!
Proc 1 Ball get! Ball value is 98!
Ball Passed on! Ball value is 99!
Proc 0 Ball get! Ball value is 99 !
Proc 0 ball sent!
Proc 0 Ball get! Ball value is 101 !
Proc 0 ball sent!
Proc 1 Ball get! Ball value is 100!
Ball Passed on! Ball value is 101!
Proc 1 Ball get! Ball value is 102!
Ball Passed on! Ball value is 103!
Proc 1 Ball get! Ball value is 104!
Ball Passed on! Ball value is 105!
Proc 0 Ball get! Ball value is 103 !
Proc 0 ball sent!
Proc 0 Ball get! Ball value is 105 !
Proc 0 ball sent!
Proc 0 Ball get! Ball value is 107 !
Proc 0 ball sent!
Proc 1 Ball get! Ball value is 106!
Ball Passed on! Ball value is 107!
Proc 1 Ball get! Ball value is 108!
Ball Passed on! Ball value is 109!
Proc 1 Ball get! Ball value is 110!
Proc 0 Ball get! Ball value is 109 !
Proc 0 ball sent!
Proc 0 Ball get! Ball value is 111 !
Proc 0 ball sent!
Proc 0 Ball get! Ball value is 113 !
Proc 0 ball sent!
Ball Passed on! Ball value is 111!
Proc 1 Ball get! Ball value is 112!
Ball Passed on! Ball value is 113!
Proc 1 Ball get! Ball value is 114!
Ball Passed on! Ball value is 115!
Proc 0 Ball get! Ball value is 115 !
Proc 0 ball sent!
Proc 0 Ball get! Ball value is 117 !
Proc 0 ball sent!
Proc 1 Ball get! Ball value is 116!
Ball Passed on! Ball value is 117!
Proc 1 Ball get! Ball value is 118!
Ball Passed on! Ball value is 119!
Proc 1 Ball get! Ball value is 120!
Proc 0 Ball get! Ball value is 119 !
Proc 0 ball sent!
Proc 0 Ball get! Ball value is 121 !
Proc 0 ball sent!
Proc 0 Ball get! Ball value is 123 !
Proc 0 ball sent!
Proc 0 Ball get! Ball value is 125 !
Proc 0 ball sent!
Ball Passed on! Ball value is 121!
Proc 1 Ball get! Ball value is 122!
Ball Passed on! Ball value is 123!
Proc 1 Ball get! Ball value is 124!
Ball Passed on! Ball value is 125!
Proc 1 Ball get! Ball value is 126!
Ball Passed on! Ball value is 127!
Proc 0 Ball get! Ball value is 127 !
Proc 0 ball sent!
Proc 0 Ball get! Ball value is 129 !
Proc 0 ball sent!
Proc 0 Ball get! Ball value is 131 !
Proc 0 ball sent!
Proc 1 Ball get! Ball value is 128!
Ball Passed on! Ball value is 129!
Proc 1 Ball get! Ball value is 130!
Ball Passed on! Ball value is 131!
Proc 1 Ball get! Ball value is 132!
Ball Passed on! Ball value is 133!
Proc 1 Ball get! Ball value is 134!
Proc 0 Ball get! Ball value is 133 !
Proc 0 ball sent!
Proc 0 Ball get! Ball value is 135 !
Proc 0 ball sent!
Proc 0 Ball get! Ball value is 137 !
Proc 0 ball sent!
Ball Passed on! Ball value is 135!
Proc 1 Ball get! Ball value is 136!
Ball Passed on! Ball value is 137!
Proc 1 Ball get! Ball value is 138!
Ball Passed on! Ball value is 139!
Proc 1 Ball get! Ball value is 140!
Proc 0 Ball get! Ball value is 139 !
Proc 0 ball sent!
Proc 0 Ball get! Ball value is 141 !
Proc 0 ball sent!
Proc 0 Ball get! Ball value is 143 !
Proc 0 ball sent!
Ball Passed on! Ball value is 141!
Proc 1 Ball get! Ball value is 142!
Ball Passed on! Ball value is 143!
Proc 1 Ball get! Ball value is 144!
Ball Passed on! Ball value is 145!
Proc 0 Ball get! Ball value is 145 !
Proc 0 ball sent!
Proc 0 Ball get! Ball value is 147 !
Proc 0 ball sent!
Proc 0 Ball get! Ball value is 149 !
Proc 0 ball sent!
Proc 1 Ball get! Ball value is 146!
Ball Passed on! Ball value is 147!
Proc 1 Ball get! Ball value is 148!
Ball Passed on! Ball value is 149!
Proc 1 Ball get! Ball value is 150!
Ball Passed on! Ball value is 151!
Proc 0 Ball get! Ball value is 151 !
Proc 0 ball sent!
Proc 0 Ball get! Ball value is 153 !
Proc 0 ball sent!
Proc 0 Ball get! Ball value is 155 !
Proc 0 ball sent!
Proc 1 Ball get! Ball value is 152!
Ball Passed on! Ball value is 153!
Proc 1 Ball get! Ball value is 154!
Ball Passed on! Ball value is 155!
Proc 1 Ball get! Ball value is 156!
Ball Passed on! Ball value is 157!
Proc 0 Ball get! Ball value is 157 !
Proc 0 ball sent!
Proc 0 Ball get! Ball value is 159 !
Proc 0 ball sent!
Proc 1 Ball get! Ball value is 158!
Ball Passed on! Ball value is 159!
Proc 1 Ball get! Ball value is 160!
Ball Passed on! Ball value is 161!
Proc 1 Ball get! Ball value is 162!
Ball Passed on! Ball value is 163!
Proc 0 Ball get! Ball value is 161 !
Proc 0 ball sent!
Proc 0 Ball get! Ball value is 163 !
Proc 0 ball sent!
Proc 0 Ball get! Ball value is 165 !
Proc 0 ball sent!
Proc 1 Ball get! Ball value is 164!
Ball Passed on! Ball value is 165!
Proc 1 Ball get! Ball value is 166!
Ball Passed on! Ball value is 167!
Proc 1 Ball get! Ball value is 168!
Proc 0 Ball get! Ball value is 167 !
Proc 0 ball sent!
Proc 0 Ball get! Ball value is 169 !
Proc 0 ball sent!
Proc 0 Ball get! Ball value is 171 !
Proc 0 ball sent!
Ball Passed on! Ball value is 169!
Proc 1 Ball get! Ball value is 170!
Ball Passed on! Ball value is 171!
Proc 1 Ball get! Ball value is 172!
Ball Passed on! Ball value is 173!
Proc 1 Ball get! Ball value is 174!
Ball Passed on! Ball value is 175!
Proc 0 Ball get! Ball value is 173 !
Proc 0 ball sent!
Proc 0 Ball get! Ball value is 175 !
Proc 0 ball sent!
Proc 0 Ball get! Ball value is 177 !
Proc 0 ball sent!
Proc 1 Ball get! Ball value is 176!
Ball Passed on! Ball value is 177!
Proc 1 Ball get! Ball value is 178!
Ball Passed on! Ball value is 179!
Proc 1 Ball get! Ball value is 180!
Ball Passed on! Ball value is 181!
Proc 0 Ball get! Ball value is 179 !
Proc 0 ball sent!
Proc 0 Ball get! Ball value is 181 !
Proc 0 ball sent!
Proc 0 Ball get! Ball value is 183 !
Proc 0 ball sent!
Proc 1 Ball get! Ball value is 182!
Ball Passed on! Ball value is 183!
Proc 1 Ball get! Ball value is 184!
Ball Passed on! Ball value is 185!
Proc 1 Ball get! Ball value is 186!
Ball Passed on! Ball value is 187!
Proc 0 Ball get! Ball value is 185 !
Proc 0 ball sent!
Proc 0 Ball get! Ball value is 187 !
Proc 0 ball sent!
Proc 0 Ball get! Ball value is 189 !
Proc 0 ball sent!
Proc 1 Ball get! Ball value is 188!
Ball Passed on! Ball value is 189!
Proc 1 Ball get! Ball value is 190!
Ball Passed on! Ball value is 191!
Proc 1 Ball get! Ball value is 192!
Proc 0 Ball get! Ball value is 191 !
Proc 0 ball sent!
Proc 0 Ball get! Ball value is 193 !
Proc 0 ball sent!
Proc 0 Ball get! Ball value is 195 !
Proc 0 ball sent!
Proc 0 Ball get! Ball value is 197 !
Proc 0 ball sent!
Ball Passed on! Ball value is 193!
Proc 1 Ball get! Ball value is 194!
Ball Passed on! Ball value is 195!
Proc 1 Ball get! Ball value is 196!
Ball Passed on! Ball value is 197!
Proc 1 Ball get! Ball value is 198!
Ball Passed on! Ball value is 199!
Proc 0 Ball get! Ball value is 199 !
Proc 0 ball sent!
Proc 0 Ball get! Ball value is 201 !
Proc 0 ball sent!
Proc 0 Ball get! Ball value is 203 !
Proc 1 Ball get! Ball value is 200!
Ball Passed on! Ball value is 201!
Proc 1 Ball get! Ball value is 202!
Ball Passed on! Ball value is 203!
Proc 1 Ball get! Ball value is 204!
Ball Passed on! Ball value is 205!
Proc 0 ball sent!
Proc 0 Ball get! Ball value is 205 !
Proc 0 ball sent!
Proc 0 Ball get! Ball value is 207 !
Proc 0 ball sent!
Proc 1 Ball get! Ball value is 206!
Ball Passed on! Ball value is 207!
Proc 1 Ball get! Ball value is 208!
Ball Passed on! Ball value is 209!
Proc 1 Ball get! Ball value is 210!
Ball Passed on! Ball value is 211!
Proc 0 Ball get! Ball value is 209 !
Proc 0 ball sent!
Proc 0 Ball get! Ball value is 211 !
Proc 0 ball sent!
Proc 0 Ball get! Ball value is 213 !
Proc 0 ball sent!
Proc 1 Ball get! Ball value is 212!
Ball Passed on! Ball value is 213!
Proc 1 Ball get! Ball value is 214!
Ball Passed on! Ball value is 215!
Proc 1 Ball get! Ball value is 216!
Ball Passed on! Ball value is 217!
Proc 0 Ball get! Ball value is 215 !
Proc 0 ball sent!
Proc 0 Ball get! Ball value is 217 !
Proc 0 ball sent!
Proc 0 Ball get! Ball value is 219 !
Proc 0 ball sent!
Proc 1 Ball get! Ball value is 218!
Ball Passed on! Ball value is 219!
Proc 1 Ball get! Ball value is 220!
Ball Passed on! Ball value is 221!
Proc 1 Ball get! Ball value is 222!
Proc 0 Ball get! Ball value is 221 !
Proc 0 ball sent!
Proc 0 Ball get! Ball value is 223 !
Proc 0 ball sent!
Proc 0 Ball get! Ball value is 225 !
Proc 0 ball sent!
Ball Passed on! Ball value is 223!
Proc 1 Ball get! Ball value is 224!
Ball Passed on! Ball value is 225!
Proc 1 Ball get! Ball value is 226!
Ball Passed on! Ball value is 227!
Proc 1 Ball get! Ball value is 228!
Ball Passed on! Ball value is 229!
Proc 0 Ball get! Ball value is 227 !
Proc 0 ball sent!
Proc 0 Ball get! Ball value is 229 !
Proc 0 ball sent!
Proc 0 Ball get! Ball value is 231 !
Proc 0 ball sent!
Proc 0 Ball get! Ball value is 233 !
Proc 1 Ball get! Ball value is 230!
Ball Passed on! Ball value is 231!
Proc 1 Ball get! Ball value is 232!
Ball Passed on! Ball value is 233!
Proc 1 Ball get! Ball value is 234!
Proc 0 ball sent!
Proc 0 Ball get! Ball value is 235 !
Proc 0 ball sent!
Proc 0 Ball get! Ball value is 237 !
Proc 0 ball sent!
Ball Passed on! Ball value is 235!
Proc 1 Ball get! Ball value is 236!
Ball Passed on! Ball value is 237!
Proc 1 Ball get! Ball value is 238!
Ball Passed on! Ball value is 239!
Proc 1 Ball get! Ball value is 240!
Ball Passed on! Ball value is 241!
Proc 0 Ball get! Ball value is 239 !
Proc 0 ball sent!
Proc 0 Ball get! Ball value is 241 !
To you, from failing hands, we throw the ball. it took 9.47952e-06 per volley.
AND LO!
