Successfully accomplished MPI_Comm_sizeSuccessfully accomplished MPI_Comm_rankSuccessfully accomplished MPI_Send from 0 to 1 
Successfully accomplished MPI_Recv by 0 from 1 
Successfully accomplished MPI_Send from 0 to 1 
Successfully accomplished MPI_Recv by 0 from 1 
Successfully accomplished MPI_Send from 0 to 1 
Successfully accomplished MPI_Recv by 0 from 1 
Successfully accomplished MPI_Send from 0 to 1 
Successfully accomplished MPI_Recv by 0 from 1 
Successfully accomplished MPI_Send from 0 to 1 
Successfully accomplished MPI_Recv by 0 from 1 
Successfully accomplished MPI_Send from 0 to 1 
Successfully accomplished MPI_Recv by 0 from 1 
Successfully accomplished MPI_Send from 0 to 1 
Successfully accomplished MPI_Recv by 0 from 1 
Successfully accomplished MPI_Send from 0 to 1 
Successfully accomplished MPI_Recv by 0 from 1 
Successfully accomplished MPI_Send from 0 to 1 
Successfully accomplished MPI_Recv by 0 from 1 
Successfully accomplished MPI_Send from 0 to 1 
Successfully accomplished MPI_Recv by 0 from 1 
Successfully accomplished MPI_Send from 0 to 1 
Successfully accomplished MPI_Recv by 0 from 1 
Successfully accomplished MPI_Send from 0 to 1 
Successfully accomplished MPI_Recv by 0 from 1 
Successfully accomplished MPI_Send from 0 to 1 
Successfully accomplished MPI_Recv by 0 from 1 
Successfully accomplished MPI_Send from 0 to 1 
Successfully accomplished MPI_Recv by 0 from 1 
Successfully accomplished MPI_Send from 0 to 1 
Successfully accomplished MPI_Recv by 0 from 1 
Successfully accomplished MPI_Send from 0 to 1 
Successfully accomplished MPI_Recv by 0 from 1 
Successfully accomplished MPI_Send from 0 to 1 
Successfully accomplished MPI_Recv by 0 from 1 
Successfully accomplished MPI_Send from 0 to 1 
Successfully accomplished MPI_Recv by 0 from 1 
Successfully accomplished MPI_Send from 0 to 1 
Successfully accomplished MPI_Recv by 0 from 1 
Successfully accomplished MPI_Send from 0 to 1 
Successfully accomplished MPI_Recv by 0 from 1 
Successfully accomplished MPI_Send from 0 to 1 
Successfully accomplished MPI_Recv by 0 from 1 
Successfully accomplished MPI_Send from 0 to 1 
Successfully accomplished MPI_Recv by 0 from 1 
Successfully accomplished MPI_Send from 0 to 1 
Successfully accomplished MPI_Recv by 0 from 1 
Successfully accomplished MPI_Send from 0 to 1 
Successfully accomplished MPI_Recv by 0 from 1 
Successfully accomplished MPI_Send from 0 to 1 
Successfully accomplished MPI_Recv by 0 from 1 
Successfully accomplished MPI_Send from 0 to 1 
Successfully accomplished MPI_Recv by 0 from 1 
Successfully accomplished MPI_Send from 0 to 1 
Successfully accomplished MPI_Recv by 0 from 1 
Successfully accomplished MPI_Comm_sizeSuccessfully accomplished MPI_Comm_rankSuccessfully accomplished MPI_Recv by 1 from 0
Successfully accomplished MPI_Recv by 1 from 0
Successfully accomplished MPI_Recv by 1 from 0
Successfully accomplished MPI_Recv by 1 from 0
Successfully accomplished MPI_Recv by 1 from 0
Successfully accomplished MPI_Recv by 1 from 0
Successfully accomplished MPI_Recv by 1 from 0
Successfully accomplished MPI_Recv by 1 from 0
Successfully accomplished MPI_Recv by 1 from 0
Successfully accomplished MPI_Recv by 1 from 0
Successfully accomplished MPI_Recv by 1 from 0
Successfully accomplished MPI_Recv by 1 from 0
Successfully accomplished MPI_Recv by 1 from 0
Successfully accomplished MPI_Recv by 1 from 0
Successfully accomplished MPI_Recv by 1 from 0
Successfully accomplished MPI_Recv by 1 from 0
Successfully accomplished MPI_Recv by 1 from 0
Successfully accomplished MPI_Recv by 1 from 0
Successfully accomplished MPI_Recv by 1 from 0
Successfully accomplished MPI_Recv by 1 from 0
Successfully accomplished MPI_Recv by 1 from 0
Successfully accomplished MPI_Recv by 1 from 0
Successfully accomplished MPI_Recv by 1 from 0
Successfully accomplished MPI_Recv by 1 from 0
Successfully accomplished MPI_Recv by 1 from 0
Successfully accomplished MPI_Recv by 1 from 0
Successfully accomplished MPI_Recv by 1 from 0
Successfully accomplished MPI_Recv by 1 from 0
Successfully accomplished MPI_Recv by 1 from 0
Successfully accomplished MPI_Recv by 1 from 0
Successfully accomplished MPI_Recv by 1 from 0
Successfully accomplished MPI_Recv by 1 from 0
Successfully accomplished MPI_Recv by 1 from 0
Successfully accomplished MPI_Recv by 1 from 0
Successfully accomplished MPI_Recv by 1 from 0
Successfully accomplished MPI_Recv by 1 from 0
Successfully accomplished MPI_Recv by 1 from 0
Successfully accomplished MPI_Recv by 1 from 0
Successfully accomplished MPI_Recv by 1 from 0
Successfully accomplished MPI_Recv by 1 from 0
Successfully accomplished MPI_Recv by 1 from 0
Successfully accomplished MPI_Recv by 1 from 0
Successfully accomplished MPI_Recv by 1 from 0
Successfully accomplished MPI_Recv by 1 from 0
Successfully accomplished MPI_Recv by 1 from 0
Successfully accomplished MPI_Recv by 1 from 0
Successfully accomplished MPI_Recv by 1 from 0
Successfully accomplished MPI_Recv by 1 from 0
Successfully accomplished MPI_Recv by 1 from 0
Successfully accomplished MPI_Recv by 1 from 0
Successfully accomplished MPI_Send from 0 to 1 
Successfully accomplished MPI_Recv by 0 from 1 
Successfully accomplished MPI_Send from 0 to 1 
Successfully accomplished MPI_Recv by 0 from 1 
Successfully accomplished MPI_Send from 0 to 1 
Successfully accomplished MPI_Recv by 0 from 1 
Successfully accomplished MPI_Send from 0 to 1 
Successfully accomplished MPI_Recv by 0 from 1 
Successfully accomplished MPI_Send from 0 to 1 
Successfully accomplished MPI_Recv by 0 from 1 
Successfully accomplished MPI_Send from 0 to 1 
Successfully accomplished MPI_Recv by 0 from 1 
Successfully accomplished MPI_Send from 0 to 1 
Successfully accomplished MPI_Recv by 0 from 1 
Successfully accomplished MPI_Send from 0 to 1 
Successfully accomplished MPI_Recv by 0 from 1 
Successfully accomplished MPI_Send from 0 to 1 
Successfully accomplished MPI_Recv by 0 from 1 
Successfully accomplished MPI_Send from 0 to 1 
Successfully accomplished MPI_Recv by 0 from 1 
Successfully accomplished MPI_Send from 0 to 1 
Successfully accomplished MPI_Recv by 0 from 1 
Successfully accomplished MPI_Send from 0 to 1 
Successfully accomplished MPI_Recv by 0 from 1 
Successfully accomplished MPI_Send from 0 to 1 
Successfully accomplished MPI_Recv by 0 from 1 
Successfully accomplished MPI_Send from 0 to 1 
Successfully accomplished MPI_Recv by 0 from 1 
Successfully accomplished MPI_Send from 0 to 1 
Successfully accomplished MPI_Recv by 0 from 1 
Successfully accomplished MPI_Send from 0 to 1 
Successfully accomplished MPI_Recv by 0 from 1 
Successfully accomplished MPI_Send from 0 to 1 
Successfully accomplished MPI_Recv by 0 from 1 
Successfully accomplished MPI_Send from 0 to 1 
Successfully accomplished MPI_Recv by 0 from 1 
Successfully accomplished MPI_Send from 0 to 1 
Successfully accomplished MPI_Recv by 0 from 1 
Successfully accomplished MPI_Send from 0 to 1 
Successfully accomplished MPI_Recv by 0 from 1 
Successfully accomplished MPI_Send from 0 to 1 
Successfully accomplished MPI_Recv by 0 from 1 
Successfully accomplished MPI_Send from 0 to 1 
Successfully accomplished MPI_Recv by 0 from 1 
Successfully accomplished MPI_Send from 0 to 1 
Successfully accomplished MPI_Recv by 0 from 1 
Successfully accomplished MPI_Send from 0 to 1 
Successfully accomplished MPI_Recv by 0 from 1 
Successfully accomplished MPI_Send from 0 to 1 
Successfully accomplished MPI_Recv by 0 from 1 
Successfully accomplished MPI_Send from 0 to 1 
Successfully accomplished MPI_Recv by 0 from 1 
Successfully accomplished MPI_Send from 0 to 1 
Successfully accomplished MPI_Recv by 0 from 1 
Successfully accomplished MPI_Send from 0 to 1 
Successfully accomplished MPI_Recv by 0 from 1 
Successfully accomplished MPI_Send from 0 to 1 
Successfully accomplished MPI_Recv by 0 from 1 
Successfully accomplished MPI_Send from 0 to 1 
Successfully accomplished MPI_Recv by 0 from 1 
Successfully accomplished MPI_Send from 0 to 1 
Successfully accomplished MPI_Recv by 0 from 1 
Successfully accomplished MPI_Send from 0 to 1 
Successfully accomplished MPI_Recv by 0 from 1 
Successfully accomplished MPI_Send from 0 to 1 
Successfully accomplished MPI_Recv by 0 from 1 
Successfully accomplished MPI_Send from 0 to 1 
Successfully accomplished MPI_Recv by 0 from 1 
Successfully accomplished MPI_Send from 0 to 1 
Successfully accomplished MPI_Recv by 0 from 1 
Successfully accomplished MPI_Send from 0 to 1 
Successfully accomplished MPI_Recv by 0 from 1 
Successfully accomplished MPI_Send from 0 to 1 
Successfully accomplished MPI_Recv by 0 from 1 
Successfully accomplished MPI_Send from 0 to 1 
Successfully accomplished MPI_Recv by 0 from 1 
Successfully accomplished MPI_Send from 0 to 1 
Successfully accomplished MPI_Recv by 0 from 1 
Successfully accomplished MPI_Send from 0 to 1 
Successfully accomplished MPI_Recv by 0 from 1 
Successfully accomplished MPI_Send from 0 to 1 
Successfully accomplished MPI_Recv by 0 from 1 
Successfully accomplished MPI_Send from 0 to 1 
Successfully accomplished MPI_Recv by 0 from 1 
Successfully accomplished MPI_Send from 0 to 1 
Successfully accomplished MPI_Recv by 1 from 0
Successfully accomplished MPI_Recv by 1 from 0
Successfully accomplished MPI_Recv by 1 from 0
Successfully accomplished MPI_Recv by 1 from 0
Successfully accomplished MPI_Recv by 1 from 0
Successfully accomplished MPI_Recv by 1 from 0
Successfully accomplished MPI_Recv by 1 from 0
Successfully accomplished MPI_Recv by 1 from 0
Successfully accomplished MPI_Recv by 1 from 0
Successfully accomplished MPI_Recv by 1 from 0
Successfully accomplished MPI_Recv by 1 from 0
Successfully accomplished MPI_Recv by 1 from 0
Successfully accomplished MPI_Recv by 1 from 0
Successfully accomplished MPI_Recv by 1 from 0
Successfully accomplished MPI_Recv by 1 from 0
Successfully accomplished MPI_Recv by 1 from 0
Successfully accomplished MPI_Recv by 1 from 0
Successfully accomplished MPI_Recv by 1 from 0
Successfully accomplished MPI_Recv by 1 from 0
Successfully accomplished MPI_Recv by 1 from 0
Successfully accomplished MPI_Recv by 1 from 0
Successfully accomplished MPI_Recv by 1 from 0
Successfully accomplished MPI_Recv by 1 from 0
Successfully accomplished MPI_Recv by 1 from 0
Successfully accomplished MPI_Recv by 1 from 0
Successfully accomplished MPI_Recv by 1 from 0
Successfully accomplished MPI_Recv by 1 from 0
Successfully accomplished MPI_Recv by 1 from 0
Successfully accomplished MPI_Recv by 1 from 0
Successfully accomplished MPI_Recv by 1 from 0
Successfully accomplished MPI_Recv by 1 from 0
Successfully accomplished MPI_Recv by 1 from 0
Successfully accomplished MPI_Recv by 1 from 0
Successfully accomplished MPI_Recv by 1 from 0
Successfully accomplished MPI_Recv by 1 from 0
Successfully accomplished MPI_Recv by 1 from 0
Successfully accomplished MPI_Recv by 1 from 0
Successfully accomplished MPI_Recv by 1 from 0
Successfully accomplished MPI_Recv by 1 from 0
Successfully accomplished MPI_Recv by 1 from 0
Successfully accomplished MPI_Recv by 1 from 0
Successfully accomplished MPI_Recv by 1 from 0
Successfully accomplished MPI_Recv by 1 from 0
Successfully accomplished MPI_Recv by 1 from 0
Successfully accomplished MPI_Recv by 1 from 0
Successfully accomplished MPI_Recv by 1 from 0
Successfully accomplished MPI_Recv by 1 from 0
Successfully accomplished MPI_Recv by 1 from 0
Successfully accomplished MPI_Recv by 1 from 0
Successfully accomplished MPI_Recv by 0 from 1 
Successfully accomplished MPI_Send from 0 to 1 
Successfully accomplished MPI_Recv by 0 from 1 
Successfully accomplished MPI_Send from 0 to 1 
Successfully accomplished MPI_Recv by 0 from 1 
Successfully accomplished MPI_Send from 0 to 1 
Successfully accomplished MPI_Recv by 0 from 1 
Successfully accomplished MPI_Send from 0 to 1 
Successfully accomplished MPI_Recv by 0 from 1 
Successfully accomplished MPI_Send from 0 to 1 
Successfully accomplished MPI_Recv by 0 from 1 
Successfully accomplished MPI_Send from 0 to 1 
Successfully accomplished MPI_Recv by 0 from 1 
Successfully accomplished MPI_Send from 0 to 1 
Successfully accomplished MPI_Recv by 0 from 1 
Successfully accomplished MPI_Send from 0 to 1 
Successfully accomplished MPI_Recv by 0 from 1 
Successfully accomplished MPI_Send from 0 to 1 
Successfully accomplished MPI_Recv by 0 from 1 
Successfully accomplished MPI_Send from 0 to 1 
Successfully accomplished MPI_Recv by 0 from 1 
Successfully accomplished MPI_Send from 0 to 1 
Successfully accomplished MPI_Recv by 0 from 1 
Successfully accomplished MPI_Send from 0 to 1 
Successfully accomplished MPI_Recv by 0 from 1 
Successfully accomplished MPI_Send from 0 to 1 
Successfully accomplished MPI_Recv by 0 from 1 
Successfully accomplished MPI_Send from 0 to 1 
Successfully accomplished MPI_Recv by 0 from 1 
Successfully accomplished MPI_Send from 0 to 1 
Successfully accomplished MPI_Recv by 0 from 1 
Successfully accomplished MPI_Send from 0 to 1 
Successfully accomplished MPI_Recv by 0 from 1 
Successfully accomplished MPI_Send from 0 to 1 
Successfully accomplished MPI_Recv by 0 from 1 
Successfully accomplished MPI_Send from 0 to 1 
Successfully accomplished MPI_Recv by 0 from 1 
Successfully accomplished MPI_Send from 0 to 1 
Successfully accomplished MPI_Recv by 0 from 1 
Successfully accomplished MPI_Send from 0 to 1 
Successfully accomplished MPI_Recv by 0 from 1 
Successfully accomplished MPI_Send from 0 to 1 
Successfully accomplished MPI_Recv by 0 from 1 
Successfully accomplished MPI_Send from 0 to 1 
Successfully accomplished MPI_Recv by 0 from 1 
Successfully accomplished MPI_Send from 0 to 1 
Successfully accomplished MPI_Recv by 0 from 1 
Successfully accomplished MPI_Send from 0 to 1 
Successfully accomplished MPI_Recv by 0 from 1 
Successfully accomplished MPI_Send from 0 to 1 
Successfully accomplished MPI_Recv by 0 from 1 
Successfully accomplished MPI_Send from 0 to 1 
Successfully accomplished MPI_Recv by 0 from 1 
Successfully accomplished MPI_Send from 0 to 1 
Successfully accomplished MPI_Recv by 0 from 1 
Successfully accomplished MPI_Send from 0 to 1 
Successfully accomplished MPI_Recv by 0 from 1 
Successfully accomplished MPI_Send from 0 to 1 
Successfully accomplished MPI_Recv by 0 from 1 
Successfully accomplished MPI_Send from 0 to 1 
Successfully accomplished MPI_Recv by 0 from 1 
Successfully accomplished MPI_Send from 0 to 1 
Successfully accomplished MPI_Recv by 0 from 1 
To you, from failing hands, we throw the ball. it took 3.48091e-06 per volley, for a message of 8 bytes.
Successfully accomplished MPI_Send from 0 to 1 
Successfully accomplished MPI_Recv by 1 from 0
Successfully accomplished MPI_Recv by 1 from 0
Successfully accomplished MPI_Comm_sizeSuccessfully accomplished MPI_Comm_rankSuccessfully accomplished MPI_Comm_sizeSuccessfully accomplished MPI_Comm_rankSuccessfully accomplished MPI_Comm_sizeSuccessfully accomplished MPI_Comm_rankSuccessfully accomplished MPI_Comm_sizeSuccessfully accomplished MPI_Comm_rankSuccessfully accomplished MPI_Comm_sizeSuccessfully accomplished MPI_Comm_rankSuccessfully accomplished MPI_Comm_sizeSuccessfully accomplished MPI_Comm_rankSuccessfully accomplished MPI_Comm_sizeSuccessfully accomplished MPI_Comm_rankSuccessfully accomplished MPI_Comm_sizeSuccessfully accomplished MPI_Comm_rankSuccessfully accomplished MPI_Comm_sizeSuccessfully accomplished MPI_Comm_rankSuccessfully accomplished MPI_Comm_sizeSuccessfully accomplished MPI_Comm_rankSuccessfully accomplished MPI_Comm_sizeSuccessfully accomplished MPI_Comm_rankSuccessfully accomplished MPI_Comm_sizeSuccessfully accomplished MPI_Comm_rankSuccessfully accomplished MPI_Comm_sizeSuccessfully accomplished MPI_Comm_rankSuccessfully accomplished MPI_Comm_sizeSuccessfully accomplished MPI_Comm_rankSuccessfully accomplished MPI_Comm_sizeSuccessfully accomplished MPI_Comm_rankSuccessfully accomplished MPI_Comm_sizeSuccessfully accomplished MPI_Comm_rankSuccessfully accomplished MPI_Comm_sizeSuccessfully accomplished MPI_Comm_rankSuccessfully accomplished MPI_Comm_sizeSuccessfully accomplished MPI_Comm_rankSuccessfully accomplished MPI_Comm_sizeSuccessfully accomplished MPI_Comm_rankSuccessfully accomplished MPI_Comm_sizeSuccessfully accomplished MPI_Comm_rankSuccessfully accomplished MPI_Comm_sizeSuccessfully accomplished MPI_Comm_rankSuccessfully accomplished MPI_Comm_sizeSuccessfully accomplished MPI_Comm_rankAND LO!
