SLURM_JOB_ID=7596947
SLURM_JOB_NODELIST=cpn-k08-41-[01-02]
SLURM_NNODES=2
SLURMTMPDIR=/scratch/7596947
working directory = /user/ninastei/CCR/src/sampleMPI
**************
Hello, world, my name is Alice! Parallel is fun. Somethng process 12 or 24 ? 
Hello, world, my name is Alice! Parallel is fun. Somethng process 0 or 24 ? 
Hello, world, my name is Alice! Parallel is fun. Somethng process 1 or 24 ? 
Hello, world, my name is Alice! Parallel is fun. Somethng process 2 or 24 ? 
Hello, world, my name is Alice! Parallel is fun. Somethng process 3 or 24 ? 
Hello, world, my name is Alice! Parallel is fun. Somethng process 4 or 24 ? 
Hello, world, my name is Alice! Parallel is fun. Somethng process 5 or 24 ? 
Hello, world, my name is Alice! Parallel is fun. Somethng process 6 or 24 ? 
Hello, world, my name is Alice! Parallel is fun. Somethng process 7 or 24 ? 
Hello, world, my name is Alice! Parallel is fun. Somethng process 8 or 24 ? 
Hello, world, my name is Alice! Parallel is fun. Somethng process 9 or 24 ? 
Hello, world, my name is Alice! Parallel is fun. Somethng process 10 or 24 ? 
Hello, world, my name is Alice! Parallel is fun. Somethng process 11 or 24 ? 
Hello, world, my name is Alice! Parallel is fun. Somethng process 13 or 24 ? 
Hello, world, my name is Alice! Parallel is fun. Somethng process 14 or 24 ? 
Hello, world, my name is Alice! Parallel is fun. Somethng process 15 or 24 ? 
Hello, world, my name is Alice! Parallel is fun. Somethng process 16 or 24 ? 
Hello, world, my name is Alice! Parallel is fun. Somethng process 17 or 24 ? 
Hello, world, my name is Alice! Parallel is fun. Somethng process 18 or 24 ? 
Hello, world, my name is Alice! Parallel is fun. Somethng process 19 or 24 ? 
Hello, world, my name is Alice! Parallel is fun. Somethng process 20 or 24 ? 
Hello, world, my name is Alice! Parallel is fun. Somethng process 21 or 24 ? 
Hello, world, my name is Alice! Parallel is fun. Somethng process 22 or 24 ? 
Hello, world, my name is Alice! Parallel is fun. Somethng process 23 or 24 ? 
AND LO!
