 The Intel compilers are in your path. This is adequate for compiling and running most codes. Source $INTEL/compilers_and_libraries_2017/linux/bin/compilervars.sh for more features. 
 Intel-MPI is in your path.  This is adequate for compiling and running most codes.  Source the /util/academic/intel/17.0/compilers_and_libraries_2017/linux/mpi/intel64/bin/mpivars.sh file for more features.
/var/spool/slurmd/job7596838/slurm_script: line 19: export: `=': not a valid identifier
/var/spool/slurmd/job7596838/slurm_script: line 19: export: `/usr/lib64/libpmi.so': not a valid identifier
Fatal error in MPI_Init: Other MPI error, error stack:
MPIR_Init_thread(805).....: fail failed
MPID_Init(1783)...........: channel initialization failed
MPIDI_CH3_Init(126).......: fail failed
MPID_nem_init_ckpt(836)...: fail failed
MPIDI_CH3I_Seg_commit(427): PMI_KVS_Get returned -1
[unset]: readline failed
Fatal error in MPI_Init: Other MPI error, error stack:
MPIR_Init_thread(805).....: fail failed
MPID_Init(1783)...........: channel initialization failed
MPIDI_CH3_Init(126).......: fail failed
MPID_nem_init_ckpt(836)...: fail failed
MPIDI_CH3I_Seg_commit(427): PMI_KVS_Get returned -1
Fatal error in MPI_Init: Other MPI error, error stack:
MPIR_Init_thread(805).....: fail failed
MPID_Init(1783)...........: channel initialization failed
MPIDI_CH3_Init(126).......: fail failed
MPID_nem_init_ckpt(836)...: fail failed
MPIDI_CH3I_Seg_commit(427): PMI_KVS_Get returned -1
[unset]: readline failed
[unset]: readline failed
Fatal error in MPI_Init: Other MPI error, error stack:
MPIR_Init_thread(805).....: fail failed
MPID_Init(1783)...........: channel initialization failed
MPIDI_CH3_Init(126).......: fail failed
MPID_nem_init_ckpt(836)...: fail failed
MPIDI_CH3I_Seg_commit(427): PMI_KVS_Get returned -1
Fatal error in MPI_Init: Other MPI error, error stack:
MPIR_Init_thread(805).....: fail failed
MPID_Init(1783)...........: channel initialization failed
MPIDI_CH3_Init(126).......: fail failed
MPID_nem_init_ckpt(836)...: fail failed
MPIDI_CH3I_Seg_commit(427): PMI_KVS_Get returned -1
[unset]: readline failed
[unset]: readline failed
Fatal error in MPI_Init: Other MPI error, error stack:
MPIR_Init_thread(805).....: fail failed
MPID_Init(1783)...........: channel initialization failed
MPIDI_CH3_Init(126).......: fail failed
MPID_nem_init_ckpt(836)...: fail failed
MPIDI_CH3I_Seg_commit(427): PMI_KVS_Get returned -1
[unset]: readline failed
Fatal error in MPI_Init: Other MPI error, error stack:
MPIR_Init_thread(805).....: fail failed
MPID_Init(1783)...........: channel initialization failed
MPIDI_CH3_Init(126).......: fail failed
MPID_nem_init_ckpt(836)...: fail failed
MPIDI_CH3I_Seg_commit(427): PMI_KVS_Get returned -1
[unset]: readline failed
Fatal error in MPI_Init: Other MPI error, error stack:
MPIR_Init_thread(805).....: fail failed
MPID_Init(1783)...........: channel initialization failed
MPIDI_CH3_Init(126).......: fail failed
MPID_nem_init_ckpt(836)...: fail failed
MPIDI_CH3I_Seg_commit(427): PMI_KVS_Get returned -1
[unset]: readline failed
Fatal error in MPI_Init: Other MPI error, error stack:
MPIR_Init_thread(805).....: fail failed
MPID_Init(1783)...........: channel initialization failed
MPIDI_CH3_Init(126).......: fail failed
MPID_nem_init_ckpt(836)...: fail failed
MPIDI_CH3I_Seg_commit(427): PMI_KVS_Get returned -1
[unset]: readline failed
Fatal error in MPI_Init: Other MPI error, error stack:
MPIR_Init_thread(805).....: fail failed
MPID_Init(1783)...........: channel initialization failed
MPIDI_CH3_Init(126).......: fail failed
MPID_nem_init_ckpt(836)...: fail failed
MPIDI_CH3I_Seg_commit(427): PMI_KVS_Get returned -1
[unset]: readline failed
Fatal error in MPI_Init: Other MPI error, error stack:
MPIR_Init_thread(805).....: fail failed
MPID_Init(1783)...........: channel initialization failed
MPIDI_CH3_Init(126).......: fail failed
MPID_nem_init_ckpt(836)...: fail failed
MPIDI_CH3I_Seg_commit(427): PMI_KVS_Get returned -1
[unset]: readline failed
Fatal error in MPI_Init: Other MPI error, error stack:
MPIR_Init_thread(805).....: fail failed
MPID_Init(1783)...........: channel initialization failed
MPIDI_CH3_Init(126).......: fail failed
MPID_nem_init_ckpt(836)...: fail failed
MPIDI_CH3I_Seg_commit(427): PMI_KVS_Get returned -1
[unset]: readline failed
Fatal error in MPI_Init: Other MPI error, error stack:
MPIR_Init_thread(805).....: fail failed
MPID_Init(1783)...........: channel initialization failed
MPIDI_CH3_Init(126).......: fail failed
MPID_nem_init_ckpt(836)...: fail failed
MPIDI_CH3I_Seg_commit(427): PMI_KVS_Get returned -1
Fatal error in MPI_Init: Other MPI error, error stack:
MPIR_Init_thread(805).....: fail failed
MPID_Init(1783)...........: channel initialization failed
MPIDI_CH3_Init(126).......: fail failed
MPID_nem_init_ckpt(836)...: fail failed
MPIDI_CH3I_Seg_commit(427): PMI_KVS_Get returned -1
[unset]: readline failed
[unset]: readline failed
Fatal error in MPI_Init: Other MPI error, error stack:
MPIR_Init_thread(805).....: fail failed
MPID_Init(1783)...........: channel initialization failed
MPIDI_CH3_Init(126).......: fail failed
MPID_nem_init_ckpt(836)...: fail failed
MPIDI_CH3I_Seg_commit(427): PMI_KVS_Get returned -1
[unset]: readline failed
Fatal error in MPI_Init: Other MPI error, error stack:
MPIR_Init_thread(805).....: fail failed
MPID_Init(1783)...........: channel initialization failed
MPIDI_CH3_Init(126).......: fail failed
MPID_nem_init_ckpt(836)...: fail failed
MPIDI_CH3I_Seg_commit(427): PMI_KVS_Get returned -1
Fatal error in MPI_Init: Other MPI error, error stack:
MPIR_Init_thread(805).....: fail failed
MPID_Init(1783)...........: channel initialization failed
MPIDI_CH3_Init(126).......: fail failed
MPID_nem_init_ckpt(836)...: fail failed
MPIDI_CH3I_Seg_commit(427): PMI_KVS_Get returned -1
Fatal error in MPI_Init: Other MPI error, error stack:
MPIR_Init_thread(805).....: fail failed
MPID_Init(1783)...........: channel initialization failed
MPIDI_CH3_Init(126).......: fail failed
MPID_nem_init_ckpt(836)...: fail failed
MPIDI_CH3I_Seg_commit(427): PMI_KVS_Get returned -1
[unset]: readline failed
[unset]: readline failed
[unset]: readline failed
Fatal error in MPI_Init: Other MPI error, error stack:
MPIR_Init_thread(805).....: fail failed
MPID_Init(1783)...........: channel initialization failed
MPIDI_CH3_Init(126).......: fail failed
MPID_nem_init_ckpt(836)...: fail failed
MPIDI_CH3I_Seg_commit(427): PMI_KVS_Get returned -1
Fatal error in MPI_Init: Other MPI error, error stack:
MPIR_Init_thread(805).....: fail failed
MPID_Init(1783)...........: channel initialization failed
MPIDI_CH3_Init(126).......: fail failed
MPID_nem_init_ckpt(836)...: fail failed
MPIDI_CH3I_Seg_commit(427): PMI_KVS_Get returned -1
[unset]: readline failed
[unset]: readline failed
Fatal error in MPI_Init: Other MPI error, error stack:
MPIR_Init_thread(805).....: fail failed
MPID_Init(1783)...........: channel initialization failed
MPIDI_CH3_Init(126).......: fail failed
MPID_nem_init_ckpt(836)...: fail failed
MPIDI_CH3I_Seg_commit(427): PMI_KVS_Get returned -1
[unset]: readline failed
Fatal error in MPI_Init: Other MPI error, error stack:
MPIR_Init_thread(805).....: fail failed
MPID_Init(1783)...........: channel initialization failed
MPIDI_CH3_Init(126).......: fail failed
MPID_nem_init_ckpt(836)...: fail failed
MPIDI_CH3I_Seg_commit(427): PMI_KVS_Get returned -1
[unset]: readline failed
srun: error: cpn-k08-40-01: tasks 1-11: Exited with exit code 15
srun: Terminating job step 7596838.0
srun: error: cpn-k08-40-02: tasks 13-23: Exited with exit code 15
slurmstepd: error: *** STEP 7596838.0 ON cpn-k08-40-01 CANCELLED AT 2017-10-31T10:12:19 ***
srun: Job step aborted: Waiting up to 32 seconds for job step to finish.
srun: error: cpn-k08-40-01: task 0: Killed
srun: error: cpn-k08-40-02: task 12: Killed
