# project  configured on Mon Aug 27 13:01:10 2018 by
# waf 1.8.8 (abi 98, python 20705f0 on linux2)
# using ./waf configure --lapack_mkl= --install_all_deps
#
----------------------------------------
Setting top to
/user/ninastei/CCR/plc-2.0
----------------------------------------
Setting out to
/user/ninastei/CCR/plc-2.0/build
----------------------------------------
Checking for program 'gcc, cc'
/usr/bin/gcc
find program=['gcc', 'cc'] paths=['/user/ninastei/CCR/plc-2.0/bin', '/usr/lib64/qt-3.3/bin', '/usr/local/bin', '/usr/bin', '/usr/local/sbin', '/usr/sbin', '/usr/lpp/mmfs/bin', '/opt/dell/srvadmin/bin', '/user/ninastei/bin', '/user/ninastei/Mybin', '/user/ninastei/CCR/Mybin/hpc1', '/user/ninastei/bin'] var='CC' -> ['/usr/bin/gcc']
----------------------------------------
Checking for program 'ar'
/usr/bin/ar
find program=['ar'] paths=['/user/ninastei/CCR/plc-2.0/bin', '/usr/lib64/qt-3.3/bin', '/usr/local/bin', '/usr/bin', '/usr/local/sbin', '/usr/sbin', '/usr/lpp/mmfs/bin', '/opt/dell/srvadmin/bin', '/user/ninastei/bin', '/user/ninastei/Mybin', '/user/ninastei/CCR/Mybin/hpc1', '/user/ninastei/bin'] var='AR' -> ['/usr/bin/ar']
----------------------------------------
Check gcc version
4.8.5
----------------------------------------
Compile a test code with gcc
==>
#include <stdio.h>
main() {fprintf(stderr,"hello world");}

<==
[1/2] Compiling [32mbuild/.conf_check_cba59787eff194e139085eaa970ec10e/test.c[0m

['/usr/bin/gcc', '../test.c', '-c', '-o', '/user/ninastei/CCR/plc-2.0/build/.conf_check_cba59787eff194e139085eaa970ec10e/testbuild/test.c.1.o']
[2/2] Linking [33mbuild/.conf_check_cba59787eff194e139085eaa970ec10e/testbuild/testprog[0m

['/usr/bin/gcc', 'test.c.1.o', '-o', '/user/ninastei/CCR/plc-2.0/build/.conf_check_cba59787eff194e139085eaa970ec10e/testbuild/testprog', '-Wl,-Bstatic', '-Wl,-Bdynamic']
yes
----------------------------------------
Setting architecture flag to
-m64
-----------------------------------------
Checking for $CC option to support OpenMP
==>

#ifndef _OPENMP
 choke me
#endif
#include <omp.h>
int main () { return omp_get_num_threads (); }

<==
[1/2] Compiling [32mbuild/.conf_check_f2da877197768e9019f04b4c7d7f5643/test.c[0m

['/usr/bin/gcc', '../test.c', '-c', '-o', '/user/ninastei/CCR/plc-2.0/build/.conf_check_f2da877197768e9019f04b4c7d7f5643/testbuild/test.c.1.o']
err: ../test.c:3:2: error: unknown type name ‘choke’
  choke me
  ^
In file included from ../test.c:5:0:
/usr/lib/gcc/x86_64-redhat-linux/4.8.5/include/omp.h:34:1: error: expected ‘=’, ‘,’, ‘;’, ‘asm’ or ‘__attribute__’ before ‘typedef’
 typedef struct
 ^

from /user/ninastei/CCR/plc-2.0: Test does not build: Traceback (most recent call last):
  File "/user/ninastei/CCR/plc-2.0/.waf-1.8.8-eab538dea2e33915d3770ff3f393b18b/waflib/Configure.py", line 335, in run_build
    bld.compile()
  File "/user/ninastei/CCR/plc-2.0/.waf-1.8.8-eab538dea2e33915d3770ff3f393b18b/waflib/Build.py", line 182, in compile
    raise Errors.BuildError(self.producer.error)
BuildError: Build failed
 -> task in 'testprog' failed (exit status 1): 
	{task 140272147873872: c test.c -> test.c.1.o}
['/usr/bin/gcc', '../test.c', '-c', '-o', '/user/ninastei/CCR/plc-2.0/build/.conf_check_f2da877197768e9019f04b4c7d7f5643/testbuild/test.c.1.o']

==>

#ifndef _OPENMP
 choke me
#endif
#include <omp.h>
int main () { return omp_get_num_threads (); }

<==
[1/2] Compiling [32mbuild/.conf_check_0096fb7069b4aab87617bb4faa6a3ebb/test.c[0m

['/usr/bin/gcc', '-fopenmp', '../test.c', '-c', '-o', '/user/ninastei/CCR/plc-2.0/build/.conf_check_0096fb7069b4aab87617bb4faa6a3ebb/testbuild/test.c.1.o']
[2/2] Linking [33mbuild/.conf_check_0096fb7069b4aab87617bb4faa6a3ebb/testbuild/testprog[0m

['/usr/bin/gcc', '-m64', '-fopenmp', 'test.c.1.o', '-o', '/user/ninastei/CCR/plc-2.0/build/.conf_check_0096fb7069b4aab87617bb4faa6a3ebb/testbuild/testprog', '-Wl,-Bstatic', '-Wl,-Bdynamic']
-fopenmp
-----------------------------------------
Checking for program 'ifort'
not found
find program=['ifort'] paths=['/user/ninastei/CCR/plc-2.0/bin', '/usr/lib64/qt-3.3/bin', '/usr/local/bin', '/usr/bin', '/usr/local/sbin', '/usr/sbin', '/usr/lpp/mmfs/bin', '/opt/dell/srvadmin/bin', '/user/ninastei/bin', '/user/ninastei/Mybin', '/user/ninastei/CCR/Mybin/hpc1', '/user/ninastei/bin'] var='FC' -> None
from /user/ninastei/CCR/plc-2.0: Could not find the program ['ifort']
-----------------------------------------
Checking for program 'gfortran, g77'
/usr/bin/gfortran
find program=['gfortran', 'g77'] paths=['/user/ninastei/CCR/plc-2.0/bin', '/usr/lib64/qt-3.3/bin', '/usr/local/bin', '/usr/bin', '/usr/local/sbin', '/usr/sbin', '/usr/lpp/mmfs/bin', '/opt/dell/srvadmin/bin', '/user/ninastei/bin', '/user/ninastei/Mybin', '/user/ninastei/CCR/Mybin/hpc1', '/user/ninastei/bin'] var='FC' -> ['/usr/bin/gfortran']
(tool ar is already loaded, skipping)
-----------------------------------------
Check gfortran version
GNU Fortran (GCC) 4.8.5 20150623 (Red Hat 4.8.5-28)
-----------------------------------------
Compile a test code with gfortran
==>
program test
  WRITE(*,*) 'hello world'
 end program test

<==
[1/2] Compiling [32mbuild/.conf_check_1e6f3e3759fc680f8b5484f1c74ba2ec/test.f90[0m

['/usr/bin/gfortran', '-DGFORTRAN', '-ffixed-line-length-0', '-ffree-line-length-0', '-m64', '-c', '-o', '/user/ninastei/CCR/plc-2.0/build/.conf_check_1e6f3e3759fc680f8b5484f1c74ba2ec/testbuild/test.f90.1.o', '/user/ninastei/CCR/plc-2.0/build/.conf_check_1e6f3e3759fc680f8b5484f1c74ba2ec/test.f90']
[2/2] Linking [33mbuild/.conf_check_1e6f3e3759fc680f8b5484f1c74ba2ec/testbuild/testprog[0m

['/usr/bin/gfortran', '-m64', 'test.f90.1.o', '-o', '/user/ninastei/CCR/plc-2.0/build/.conf_check_1e6f3e3759fc680f8b5484f1c74ba2ec/testbuild/testprog', '-m64']
yes
-----------------------------------------
retrieve gfortran link line
ok
-----------------------------------------
fortran link line
-L/user/ninastei/CCR/plc-2.0 -lgfortran -lgomp
-----------------------------------------
Setting install root to
/user/ninastei/CCR/plc-2.0
-----------------------------------------
Setting install bin directory to
/user/ninastei/CCR/plc-2.0/bin
-----------------------------------------
Setting install lib directory to
/user/ninastei/CCR/plc-2.0/lib
-----------------------------------------
Setting install include directory to
/user/ninastei/CCR/plc-2.0/include
-----------------------------------------
Checking for program 'python'
/usr/bin/python
find program=['python'] paths=['/user/ninastei/CCR/plc-2.0/bin', '/usr/lib64/qt-3.3/bin', '/usr/local/bin', '/usr/bin', '/usr/local/sbin', '/usr/sbin', '/usr/lpp/mmfs/bin', '/opt/dell/srvadmin/bin', '/user/ninastei/bin', '/user/ninastei/Mybin', '/user/ninastei/CCR/Mybin/hpc1', '/user/ninastei/bin'] var='PYTHON' -> ['/usr/bin/python']
['/usr/bin/python', '-c', 'import imp;print(imp.get_tag())']
err: Traceback (most recent call last):
  File "<string>", line 1, in <module>
AttributeError: 'module' object has no attribute 'get_tag'

['/usr/bin/python', '-c', 'import sys\nfor x in sys.version_info: print(str(x))']
out: 2
7
5
final
0

['/usr/bin/python', '-c', "from distutils.sysconfig import get_config_var, get_python_lib\n\nprint(repr(get_python_lib(standard_lib=0) or ''))"]
out: '/usr/lib/python2.7/site-packages'

'/usr/lib/python2.7/site-packages'

['/usr/bin/python', '-c', "from distutils.sysconfig import get_config_var, get_python_lib\n\nprint(repr(get_python_lib(plat_specific=1, standard_lib=0) or ''))"]
out: '/usr/lib64/python2.7/site-packages'

'/usr/lib64/python2.7/site-packages'

-----------------------------------------
Checking for python version
2.7.5
['/usr/bin/python', '-c', "from distutils.sysconfig import get_config_var, get_python_lib\n\nprint(repr(get_python_lib(standard_lib=0, prefix='/user/ninastei/CCR/plc-2.0') or ''))"]
out: '/user/ninastei/CCR/plc-2.0/lib/python2.7/site-packages'

'/user/ninastei/CCR/plc-2.0/lib/python2.7/site-packages'

['/usr/bin/python', '-c', "from distutils.sysconfig import get_config_var, get_python_lib\n\nprint(repr(get_config_var('prefix') or ''))\nprint(repr(get_config_var('SO') or ''))\nprint(repr(get_config_var('LDFLAGS') or ''))\nprint(repr(get_config_var('LIBDIR') or ''))\nprint(repr(get_config_var('LIBPL') or ''))\nprint(repr(get_config_var('INCLUDEPY') or ''))\nprint(repr(get_config_var('Py_ENABLE_SHARED') or ''))\nprint(repr(get_config_var('MACOSX_DEPLOYMENT_TARGET') or ''))\nprint(repr(get_config_var('LDSHARED') or ''))\nprint(repr(get_config_var('CFLAGS') or ''))\nprint(repr(get_config_var('LDVERSION') or ''))"]
out: '/usr'
'.so'
'-Wl,-z,relro'
'/usr/lib64'
'/usr/lib64/python2.7/config'
'/usr/include/python2.7'
1
''
'gcc -pthread -shared -Wl,-z,relro'
'-fno-strict-aliasing -O2 -g -pipe -Wall -Wp,-D_FORTIFY_SOURCE=2 -fexceptions -fstack-protector-strong --param=ssp-buffer-size=4 -grecord-gcc-switches   -m64 -mtune=generic -D_GNU_SOURCE -fPIC -fwrapv   -DNDEBUG -O2 -g -pipe -Wall -Wp,-D_FORTIFY_SOURCE=2 -fexceptions -fstack-protector-strong --param=ssp-buffer-size=4 -grecord-gcc-switches   -m64 -mtune=generic -D_GNU_SOURCE -fPIC -fwrapv'
''

'/usr'
'.so'
'-Wl,-z,relro'
'/usr/lib64'
'/usr/lib64/python2.7/config'
'/usr/include/python2.7'
1
''
'gcc -pthread -shared -Wl,-z,relro'
'-fno-strict-aliasing -O2 -g -pipe -Wall -Wp,-D_FORTIFY_SOURCE=2 -fexceptions -fstack-protector-strong --param=ssp-buffer-size=4 -grecord-gcc-switches   -m64 -mtune=generic -D_GNU_SOURCE -fPIC -fwrapv   -DNDEBUG -O2 -g -pipe -Wall -Wp,-D_FORTIFY_SOURCE=2 -fexceptions -fstack-protector-strong --param=ssp-buffer-size=4 -grecord-gcc-switches   -m64 -mtune=generic -D_GNU_SOURCE -fPIC -fwrapv'
''

Configuration returned from ['/usr/bin/python']:
prefix = '/usr'
SO = '.so'
LDFLAGS = '-Wl,-z,relro'
LIBDIR = '/usr/lib64'
LIBPL = '/usr/lib64/python2.7/config'
INCLUDEPY = '/usr/include/python2.7'
Py_ENABLE_SHARED = 1
MACOSX_DEPLOYMENT_TARGET = ''
LDSHARED = 'gcc -pthread -shared -Wl,-z,relro'
CFLAGS = '-fno-strict-aliasing -O2 -g -pipe -Wall -Wp,-D_FORTIFY_SOURCE=2 -fexceptions -fstack-protector-strong --param=ssp-buffer-size=4 -grecord-gcc-switches   -m64 -mtune=generic -D_GNU_SOURCE -fPIC -fwrapv   -DNDEBUG -O2 -g -pipe -Wall -Wp,-D_FORTIFY_SOURCE=2 -fexceptions -fstack-protector-strong --param=ssp-buffer-size=4 -grecord-gcc-switches   -m64 -mtune=generic -D_GNU_SOURCE -fPIC -fwrapv'
LDVERSION = ''

-----------------------------------------
python-config
/usr/bin/python-config
find program=['/usr/bin/python-config', 'python2.7-config', 'python-config-2.7', 'python2.7m-config'] paths=['/user/ninastei/CCR/plc-2.0/bin', '/usr/lib64/qt-3.3/bin', '/usr/local/bin', '/usr/bin', '/usr/local/sbin', '/usr/sbin', '/usr/lpp/mmfs/bin', '/opt/dell/srvadmin/bin', '/user/ninastei/bin', '/user/ninastei/Mybin', '/user/ninastei/CCR/Mybin/hpc1', '/user/ninastei/bin'] var='PYTHON_CONFIG' -> ['/usr/bin/python-config']
------------------------------------------------------------------
Asking python-config for pyembed '--cflags --libs --ldflags' flags
['/usr/bin/python-config', '--cflags', '--libs', '--ldflags']
out: -I/usr/include/python2.7 -I/usr/include/python2.7 -fno-strict-aliasing -O2 -g -pipe -Wall -Wp,-D_FORTIFY_SOURCE=2 -fexceptions -fstack-protector-strong --param=ssp-buffer-size=4 -grecord-gcc-switches -m64 -mtune=generic -D_GNU_SOURCE -fPIC -fwrapv -DNDEBUG -O2 -g -pipe -Wall -Wp,-D_FORTIFY_SOURCE=2 -fexceptions -fstack-protector-strong --param=ssp-buffer-size=4 -grecord-gcc-switches -m64 -mtune=generic -D_GNU_SOURCE -fPIC -fwrapv
-lpthread -ldl -lutil -lm -lpython2.7
-lpthread -ldl -lutil -lm -lpython2.7 -Xlinker -export-dynamic

yes
------------------------------------------------------------------
Getting pyembed flags from python-config
==>

#include <Python.h>
#ifdef __cplusplus
extern "C" {
#endif
	void Py_Initialize(void);
	void Py_Finalize(void);
#ifdef __cplusplus
}
#endif
int main(int argc, char **argv)
{
   (void)argc; (void)argv;
   Py_Initialize();
   Py_Finalize();
   return 0;
}

<==
[1/2] Compiling [32mbuild/.conf_check_735fd52ba11461d8a9b9bce22a62c1cb/test.c[0m

['/usr/bin/gcc', '-fno-strict-aliasing', '-fexceptions', '-fstack-protector-strong', '-m64', '-mtune=generic', '-fPIC', '-fwrapv', '-fexceptions', '-fstack-protector-strong', '-m64', '-mtune=generic', '-fPIC', '-fwrapv', '-I/usr/include/python2.7', '-DPYTHONDIR="/usr/lib/python2.7/site-packages"', '-DPYTHONARCHDIR="/usr/lib64/python2.7/site-packages"', '-DHAVE_PYEMBED=1', '-D_GNU_SOURCE', '-DNDEBUG', '-D_GNU_SOURCE', '../test.c', '-c', '-o', '/user/ninastei/CCR/plc-2.0/build/.conf_check_735fd52ba11461d8a9b9bce22a62c1cb/testbuild/test.c.1.o']
[2/2] Linking [33mbuild/.conf_check_735fd52ba11461d8a9b9bce22a62c1cb/testbuild/testprog[0m

['/usr/bin/gcc', '-m64', '-Xlinker', '-export-dynamic', 'test.c.1.o', '-o', '/user/ninastei/CCR/plc-2.0/build/.conf_check_735fd52ba11461d8a9b9bce22a62c1cb/testbuild/testprog', '-Wl,-Bstatic', '-Wl,-Bdynamic', '-L/usr/lib64', '-lm', '-ldl', '-lutil', '-lpthread', '-lpython2.7']
yes
------------------------------------------------------------------
Checking for library dl
==>

int main(int argc, char **argv) {
	(void)argc; (void)argv;
	return 0;
}

<==
[1/2] Compiling [32mbuild/.conf_check_7f68586e3fbfd6bcf881231676294be0/test.c[0m

['/usr/bin/gcc', '-DPYTHONDIR="/usr/lib/python2.7/site-packages"', '-DPYTHONARCHDIR="/usr/lib64/python2.7/site-packages"', '-DHAVE_PYEMBED=1', '-DHAVE_PYTHON_H=1', '../test.c', '-c', '-o', '/user/ninastei/CCR/plc-2.0/build/.conf_check_7f68586e3fbfd6bcf881231676294be0/testbuild/test.c.1.o']
[2/2] Linking [33mbuild/.conf_check_7f68586e3fbfd6bcf881231676294be0/testbuild/testprog[0m

['/usr/bin/gcc', '-m64', 'test.c.1.o', '-o', '/user/ninastei/CCR/plc-2.0/build/.conf_check_7f68586e3fbfd6bcf881231676294be0/testbuild/testprog', '-Wl,-Bstatic', '-Wl,-Bdynamic', '-ldl']
yes
------------------------------------------------------------------
checking for RTLD_DEFAULT in dl
==>
#include <dlfcn.h> 
int main() {void* tt = RTLD_DEFAULT;}
<==
[1/2] Compiling [32mbuild/.conf_check_ed8b9a881c91e6ecec5a3bf0985a59a1/test.c[0m

['/usr/bin/gcc', '-DPYTHONDIR="/usr/lib/python2.7/site-packages"', '-DPYTHONARCHDIR="/usr/lib64/python2.7/site-packages"', '-DHAVE_PYEMBED=1', '-DHAVE_PYTHON_H=1', '-DHAS_RTLD_DEFAULT', '../test.c', '-c', '-o', '/user/ninastei/CCR/plc-2.0/build/.conf_check_ed8b9a881c91e6ecec5a3bf0985a59a1/testbuild/test.c.1.o']
err: ../test.c: In function ‘main’:
../test.c:2:24: error: ‘RTLD_DEFAULT’ undeclared (first use in this function)
 int main() {void* tt = RTLD_DEFAULT;}
                        ^
../test.c:2:24: note: each undeclared identifier is reported only once for each function it appears in

from /user/ninastei/CCR/plc-2.0: Test does not build: Traceback (most recent call last):
  File "/user/ninastei/CCR/plc-2.0/.waf-1.8.8-eab538dea2e33915d3770ff3f393b18b/waflib/Configure.py", line 335, in run_build
    bld.compile()
  File "/user/ninastei/CCR/plc-2.0/.waf-1.8.8-eab538dea2e33915d3770ff3f393b18b/waflib/Build.py", line 182, in compile
    raise Errors.BuildError(self.producer.error)
BuildError: Build failed
 -> task in 'testprog' failed (exit status 1): 
	{task 140271559642448: c test.c -> test.c.1.o}
['/usr/bin/gcc', '-DPYTHONDIR="/usr/lib/python2.7/site-packages"', '-DPYTHONARCHDIR="/usr/lib64/python2.7/site-packages"', '-DHAVE_PYEMBED=1', '-DHAVE_PYTHON_H=1', '-DHAS_RTLD_DEFAULT', '../test.c', '-c', '-o', '/user/ninastei/CCR/plc-2.0/build/.conf_check_ed8b9a881c91e6ecec5a3bf0985a59a1/testbuild/test.c.1.o']

no
from /user/ninastei/CCR/plc-2.0: The configuration failed
------------------------------------------------------------------
Checking for program 'pmc-config'
not found
find program=['pmc-config'] paths=['/bin'] var='PMC_CONFIG' -> None
from /user/ninastei/CCR/plc-2.0: Could not find the program ['pmc-config']
------------------------------------------------------------------
Checking for library pmc
==>

int main(int argc, char **argv) {
	(void)argc; (void)argv;
	return 0;
}

<==
[1/2] Compiling [32mbuild/.conf_check_6e41b3394afb573ac271c40212ad4799/test.c[0m

['/usr/bin/gcc', '-DPYTHONDIR="/usr/lib/python2.7/site-packages"', '-DPYTHONARCHDIR="/usr/lib64/python2.7/site-packages"', '-DHAVE_PYEMBED=1', '-DHAVE_PYTHON_H=1', '-DHAS_PMC', '../test.c', '-c', '-o', '/user/ninastei/CCR/plc-2.0/build/.conf_check_6e41b3394afb573ac271c40212ad4799/testbuild/test.c.1.o']
[2/2] Linking [33mbuild/.conf_check_6e41b3394afb573ac271c40212ad4799/testbuild/testprog[0m

['/usr/bin/gcc', '-m64', 'test.c.1.o', '-o', '/user/ninastei/CCR/plc-2.0/build/.conf_check_6e41b3394afb573ac271c40212ad4799/testbuild/testprog', '-Wl,-rpath,/user/ninastei/CCR/plc-2.0/lib', '-Wl,-Bstatic', '-Wl,-Bdynamic', '-lpmc']
err: /usr/bin/ld: cannot find -lpmc
collect2: error: ld returned 1 exit status

from /user/ninastei/CCR/plc-2.0: Test does not build: Traceback (most recent call last):
  File "/user/ninastei/CCR/plc-2.0/.waf-1.8.8-eab538dea2e33915d3770ff3f393b18b/waflib/Configure.py", line 335, in run_build
    bld.compile()
  File "/user/ninastei/CCR/plc-2.0/.waf-1.8.8-eab538dea2e33915d3770ff3f393b18b/waflib/Build.py", line 182, in compile
    raise Errors.BuildError(self.producer.error)
BuildError: Build failed
 -> task in 'testprog' failed (exit status 1): 
	{task 140271559734544: cprogram test.c.1.o -> testprog}
['/usr/bin/gcc', '-m64', 'test.c.1.o', '-o', '/user/ninastei/CCR/plc-2.0/build/.conf_check_6e41b3394afb573ac271c40212ad4799/testbuild/testprog', '-Wl,-rpath,/user/ninastei/CCR/plc-2.0/lib', '-Wl,-Bstatic', '-Wl,-Bdynamic', '-lpmc']

not found
from /user/ninastei/CCR/plc-2.0: The configuration failed
------------------------------------------------------------------
Checking for library ['lapack', 'blas']
==>

int main(int argc, char **argv) {
	(void)argc; (void)argv;
	return 0;
}

<==
[1/2] Compiling [32mbuild/.conf_check_0b32eb847c790d61fc2ce2082f71d7f2/test.c[0m

['/usr/bin/gcc', '-I/user/ninastei/CCR/plc-2.0/include', '-DPYTHONDIR="/usr/lib/python2.7/site-packages"', '-DPYTHONARCHDIR="/usr/lib64/python2.7/site-packages"', '-DHAVE_PYEMBED=1', '-DHAVE_PYTHON_H=1', '-DHAS_LAPACK', '-DLAPACK_CLIK', '../test.c', '-c', '-o', '/user/ninastei/CCR/plc-2.0/build/.conf_check_0b32eb847c790d61fc2ce2082f71d7f2/testbuild/test.c.1.o']
[2/2] Linking [33mbuild/.conf_check_0b32eb847c790d61fc2ce2082f71d7f2/testbuild/testprog[0m

['/usr/bin/gcc', '-m64', 'test.c.1.o', '-o', '/user/ninastei/CCR/plc-2.0/build/.conf_check_0b32eb847c790d61fc2ce2082f71d7f2/testbuild/testprog', '-Wl,-rpath,/user/ninastei/CCR/plc-2.0/lib', '-Wl,-Bstatic', '-Wl,-Bdynamic', '-llapack', '-lblas']
yes
------------------------------------------------------------------
Checking for function dposv
==>
#include <lapack_clik.h>

int main(int argc, char **argv) {
	void *p;
	(void)argc; (void)argv;
	p=(void*)(dposv);
	return (int)p;
}

<==
[1/2] Compiling [32mbuild/.conf_check_4b696ea361c13d611f068fd17e12b694/test.c[0m

['/usr/bin/gcc', '-I/user/ninastei/CCR/plc-2.0/include', '-DPYTHONDIR="/usr/lib/python2.7/site-packages"', '-DPYTHONARCHDIR="/usr/lib64/python2.7/site-packages"', '-DHAVE_PYEMBED=1', '-DHAVE_PYTHON_H=1', '-DHAS_LAPACK', '-DLAPACK_CLIK', '../test.c', '-c', '-o', '/user/ninastei/CCR/plc-2.0/build/.conf_check_4b696ea361c13d611f068fd17e12b694/testbuild/test.c.1.o']
err: ../test.c: In function ‘main’:
../test.c:7:9: warning: cast from pointer to integer of different size [-Wpointer-to-int-cast]
  return (int)p;
         ^

[2/2] Linking [33mbuild/.conf_check_4b696ea361c13d611f068fd17e12b694/testbuild/testprog[0m

['/usr/bin/gcc', '-m64', 'test.c.1.o', '-o', '/user/ninastei/CCR/plc-2.0/build/.conf_check_4b696ea361c13d611f068fd17e12b694/testbuild/testprog', '-Wl,-rpath,/user/ninastei/CCR/plc-2.0/lib', '-Wl,-Bstatic', '-Wl,-Bdynamic', '-llapack', '-lblas']
yes
------------------------------------------------------------------
Checking for function dtrsv
==>
#include <lapack_clik.h>

int main(int argc, char **argv) {
	void *p;
	(void)argc; (void)argv;
	p=(void*)(dtrsv);
	return (int)p;
}

<==
[1/2] Compiling [32mbuild/.conf_check_824503023490c52821c56cd767d4530e/test.c[0m

['/usr/bin/gcc', '-I/user/ninastei/CCR/plc-2.0/include', '-DPYTHONDIR="/usr/lib/python2.7/site-packages"', '-DPYTHONARCHDIR="/usr/lib64/python2.7/site-packages"', '-DHAVE_PYEMBED=1', '-DHAVE_PYTHON_H=1', '-DHAS_LAPACK', '-DLAPACK_CLIK', '../test.c', '-c', '-o', '/user/ninastei/CCR/plc-2.0/build/.conf_check_824503023490c52821c56cd767d4530e/testbuild/test.c.1.o']
err: ../test.c: In function ‘main’:
../test.c:7:9: warning: cast from pointer to integer of different size [-Wpointer-to-int-cast]
  return (int)p;
         ^

[2/2] Linking [33mbuild/.conf_check_824503023490c52821c56cd767d4530e/testbuild/testprog[0m

['/usr/bin/gcc', '-m64', 'test.c.1.o', '-o', '/user/ninastei/CCR/plc-2.0/build/.conf_check_824503023490c52821c56cd767d4530e/testbuild/testprog', '-Wl,-rpath,/user/ninastei/CCR/plc-2.0/lib', '-Wl,-Bstatic', '-Wl,-Bdynamic', '-llapack', '-lblas']
yes
------------------------------------------------------------------
Checking for function dpotrf
==>
#include <lapack_clik.h>

int main(int argc, char **argv) {
	void *p;
	(void)argc; (void)argv;
	p=(void*)(dpotrf);
	return (int)p;
}

<==
[1/2] Compiling [32mbuild/.conf_check_f1668cdc5df2f1913535c5d6f6854850/test.c[0m

['/usr/bin/gcc', '-I/user/ninastei/CCR/plc-2.0/include', '-DPYTHONDIR="/usr/lib/python2.7/site-packages"', '-DPYTHONARCHDIR="/usr/lib64/python2.7/site-packages"', '-DHAVE_PYEMBED=1', '-DHAVE_PYTHON_H=1', '-DHAS_LAPACK', '-DLAPACK_CLIK', '../test.c', '-c', '-o', '/user/ninastei/CCR/plc-2.0/build/.conf_check_f1668cdc5df2f1913535c5d6f6854850/testbuild/test.c.1.o']
err: ../test.c: In function ‘main’:
../test.c:7:9: warning: cast from pointer to integer of different size [-Wpointer-to-int-cast]
  return (int)p;
         ^

[2/2] Linking [33mbuild/.conf_check_f1668cdc5df2f1913535c5d6f6854850/testbuild/testprog[0m

['/usr/bin/gcc', '-m64', 'test.c.1.o', '-o', '/user/ninastei/CCR/plc-2.0/build/.conf_check_f1668cdc5df2f1913535c5d6f6854850/testbuild/testprog', '-Wl,-rpath,/user/ninastei/CCR/plc-2.0/lib', '-Wl,-Bstatic', '-Wl,-Bdynamic', '-llapack', '-lblas']
yes
------------------------------------------------------------------
Checking for function dpotrs
==>
#include <lapack_clik.h>

int main(int argc, char **argv) {
	void *p;
	(void)argc; (void)argv;
	p=(void*)(dpotrs);
	return (int)p;
}

<==
[1/2] Compiling [32mbuild/.conf_check_71a4a5ca94f008d5217b3145835ead2c/test.c[0m

['/usr/bin/gcc', '-I/user/ninastei/CCR/plc-2.0/include', '-DPYTHONDIR="/usr/lib/python2.7/site-packages"', '-DPYTHONARCHDIR="/usr/lib64/python2.7/site-packages"', '-DHAVE_PYEMBED=1', '-DHAVE_PYTHON_H=1', '-DHAS_LAPACK', '-DLAPACK_CLIK', '../test.c', '-c', '-o', '/user/ninastei/CCR/plc-2.0/build/.conf_check_71a4a5ca94f008d5217b3145835ead2c/testbuild/test.c.1.o']
err: ../test.c: In function ‘main’:
../test.c:7:9: warning: cast from pointer to integer of different size [-Wpointer-to-int-cast]
  return (int)p;
         ^

[2/2] Linking [33mbuild/.conf_check_71a4a5ca94f008d5217b3145835ead2c/testbuild/testprog[0m

['/usr/bin/gcc', '-m64', 'test.c.1.o', '-o', '/user/ninastei/CCR/plc-2.0/build/.conf_check_71a4a5ca94f008d5217b3145835ead2c/testbuild/testprog', '-Wl,-rpath,/user/ninastei/CCR/plc-2.0/lib', '-Wl,-Bstatic', '-Wl,-Bdynamic', '-llapack', '-lblas']
yes
------------------------------------------------------------------
Checking for function dpotri
==>
#include <lapack_clik.h>

int main(int argc, char **argv) {
	void *p;
	(void)argc; (void)argv;
	p=(void*)(dpotri);
	return (int)p;
}

<==
[1/2] Compiling [32mbuild/.conf_check_fa6fad3ace53e6aa422ee6c27533599d/test.c[0m

['/usr/bin/gcc', '-I/user/ninastei/CCR/plc-2.0/include', '-DPYTHONDIR="/usr/lib/python2.7/site-packages"', '-DPYTHONARCHDIR="/usr/lib64/python2.7/site-packages"', '-DHAVE_PYEMBED=1', '-DHAVE_PYTHON_H=1', '-DHAS_LAPACK', '-DLAPACK_CLIK', '../test.c', '-c', '-o', '/user/ninastei/CCR/plc-2.0/build/.conf_check_fa6fad3ace53e6aa422ee6c27533599d/testbuild/test.c.1.o']
err: ../test.c: In function ‘main’:
../test.c:7:9: warning: cast from pointer to integer of different size [-Wpointer-to-int-cast]
  return (int)p;
         ^

[2/2] Linking [33mbuild/.conf_check_fa6fad3ace53e6aa422ee6c27533599d/testbuild/testprog[0m

['/usr/bin/gcc', '-m64', 'test.c.1.o', '-o', '/user/ninastei/CCR/plc-2.0/build/.conf_check_fa6fad3ace53e6aa422ee6c27533599d/testbuild/testprog', '-Wl,-rpath,/user/ninastei/CCR/plc-2.0/lib', '-Wl,-Bstatic', '-Wl,-Bdynamic', '-llapack', '-lblas']
yes
------------------------------------------------------------------
Checking for function dtrtri
==>
#include <lapack_clik.h>

int main(int argc, char **argv) {
	void *p;
	(void)argc; (void)argv;
	p=(void*)(dtrtri);
	return (int)p;
}

<==
[1/2] Compiling [32mbuild/.conf_check_5bc84aed71b16b348d5ef222db4442c2/test.c[0m

['/usr/bin/gcc', '-I/user/ninastei/CCR/plc-2.0/include', '-DPYTHONDIR="/usr/lib/python2.7/site-packages"', '-DPYTHONARCHDIR="/usr/lib64/python2.7/site-packages"', '-DHAVE_PYEMBED=1', '-DHAVE_PYTHON_H=1', '-DHAS_LAPACK', '-DLAPACK_CLIK', '../test.c', '-c', '-o', '/user/ninastei/CCR/plc-2.0/build/.conf_check_5bc84aed71b16b348d5ef222db4442c2/testbuild/test.c.1.o']
err: ../test.c: In function ‘main’:
../test.c:7:9: warning: cast from pointer to integer of different size [-Wpointer-to-int-cast]
  return (int)p;
         ^

[2/2] Linking [33mbuild/.conf_check_5bc84aed71b16b348d5ef222db4442c2/testbuild/testprog[0m

['/usr/bin/gcc', '-m64', 'test.c.1.o', '-o', '/user/ninastei/CCR/plc-2.0/build/.conf_check_5bc84aed71b16b348d5ef222db4442c2/testbuild/testprog', '-Wl,-rpath,/user/ninastei/CCR/plc-2.0/lib', '-Wl,-Bstatic', '-Wl,-Bdynamic', '-llapack', '-lblas']
yes
------------------------------------------------------------------
Checking for function dtrmm
==>
#include <lapack_clik.h>

int main(int argc, char **argv) {
	void *p;
	(void)argc; (void)argv;
	p=(void*)(dtrmm);
	return (int)p;
}

<==
[1/2] Compiling [32mbuild/.conf_check_50bee49bdc23f0b2f097c8e87a0374b6/test.c[0m

['/usr/bin/gcc', '-I/user/ninastei/CCR/plc-2.0/include', '-DPYTHONDIR="/usr/lib/python2.7/site-packages"', '-DPYTHONARCHDIR="/usr/lib64/python2.7/site-packages"', '-DHAVE_PYEMBED=1', '-DHAVE_PYTHON_H=1', '-DHAS_LAPACK', '-DLAPACK_CLIK', '../test.c', '-c', '-o', '/user/ninastei/CCR/plc-2.0/build/.conf_check_50bee49bdc23f0b2f097c8e87a0374b6/testbuild/test.c.1.o']
err: ../test.c: In function ‘main’:
../test.c:7:9: warning: cast from pointer to integer of different size [-Wpointer-to-int-cast]
  return (int)p;
         ^

[2/2] Linking [33mbuild/.conf_check_50bee49bdc23f0b2f097c8e87a0374b6/testbuild/testprog[0m

['/usr/bin/gcc', '-m64', 'test.c.1.o', '-o', '/user/ninastei/CCR/plc-2.0/build/.conf_check_50bee49bdc23f0b2f097c8e87a0374b6/testbuild/testprog', '-Wl,-rpath,/user/ninastei/CCR/plc-2.0/lib', '-Wl,-Bstatic', '-Wl,-Bdynamic', '-llapack', '-lblas']
yes
------------------------------------------------------------------
Checking for function dtrmv
==>
#include <lapack_clik.h>

int main(int argc, char **argv) {
	void *p;
	(void)argc; (void)argv;
	p=(void*)(dtrmv);
	return (int)p;
}

<==
[1/2] Compiling [32mbuild/.conf_check_d8a6943bb6ea5c1425c3a9f543e8c788/test.c[0m

['/usr/bin/gcc', '-I/user/ninastei/CCR/plc-2.0/include', '-DPYTHONDIR="/usr/lib/python2.7/site-packages"', '-DPYTHONARCHDIR="/usr/lib64/python2.7/site-packages"', '-DHAVE_PYEMBED=1', '-DHAVE_PYTHON_H=1', '-DHAS_LAPACK', '-DLAPACK_CLIK', '../test.c', '-c', '-o', '/user/ninastei/CCR/plc-2.0/build/.conf_check_d8a6943bb6ea5c1425c3a9f543e8c788/testbuild/test.c.1.o']
err: ../test.c: In function ‘main’:
../test.c:7:9: warning: cast from pointer to integer of different size [-Wpointer-to-int-cast]
  return (int)p;
         ^

[2/2] Linking [33mbuild/.conf_check_d8a6943bb6ea5c1425c3a9f543e8c788/testbuild/testprog[0m

['/usr/bin/gcc', '-m64', 'test.c.1.o', '-o', '/user/ninastei/CCR/plc-2.0/build/.conf_check_d8a6943bb6ea5c1425c3a9f543e8c788/testbuild/testprog', '-Wl,-rpath,/user/ninastei/CCR/plc-2.0/lib', '-Wl,-Bstatic', '-Wl,-Bdynamic', '-llapack', '-lblas']
yes
------------------------------------------------------------------
Checking for function dgeqrf
==>
#include <lapack_clik.h>

int main(int argc, char **argv) {
	void *p;
	(void)argc; (void)argv;
	p=(void*)(dgeqrf);
	return (int)p;
}

<==
[1/2] Compiling [32mbuild/.conf_check_85f1c387255b65ffc29bfda057637bfc/test.c[0m

['/usr/bin/gcc', '-I/user/ninastei/CCR/plc-2.0/include', '-DPYTHONDIR="/usr/lib/python2.7/site-packages"', '-DPYTHONARCHDIR="/usr/lib64/python2.7/site-packages"', '-DHAVE_PYEMBED=1', '-DHAVE_PYTHON_H=1', '-DHAS_LAPACK', '-DLAPACK_CLIK', '../test.c', '-c', '-o', '/user/ninastei/CCR/plc-2.0/build/.conf_check_85f1c387255b65ffc29bfda057637bfc/testbuild/test.c.1.o']
err: ../test.c: In function ‘main’:
../test.c:7:9: warning: cast from pointer to integer of different size [-Wpointer-to-int-cast]
  return (int)p;
         ^

[2/2] Linking [33mbuild/.conf_check_85f1c387255b65ffc29bfda057637bfc/testbuild/testprog[0m

['/usr/bin/gcc', '-m64', 'test.c.1.o', '-o', '/user/ninastei/CCR/plc-2.0/build/.conf_check_85f1c387255b65ffc29bfda057637bfc/testbuild/testprog', '-Wl,-rpath,/user/ninastei/CCR/plc-2.0/lib', '-Wl,-Bstatic', '-Wl,-Bdynamic', '-llapack', '-lblas']
yes
------------------------------------------------------------------
Checking for function dormqr
==>
#include <lapack_clik.h>

int main(int argc, char **argv) {
	void *p;
	(void)argc; (void)argv;
	p=(void*)(dormqr);
	return (int)p;
}

<==
[1/2] Compiling [32mbuild/.conf_check_32296aebe08b0ff773bf2356d6c10b41/test.c[0m

['/usr/bin/gcc', '-I/user/ninastei/CCR/plc-2.0/include', '-DPYTHONDIR="/usr/lib/python2.7/site-packages"', '-DPYTHONARCHDIR="/usr/lib64/python2.7/site-packages"', '-DHAVE_PYEMBED=1', '-DHAVE_PYTHON_H=1', '-DHAS_LAPACK', '-DLAPACK_CLIK', '../test.c', '-c', '-o', '/user/ninastei/CCR/plc-2.0/build/.conf_check_32296aebe08b0ff773bf2356d6c10b41/testbuild/test.c.1.o']
err: ../test.c: In function ‘main’:
../test.c:7:9: warning: cast from pointer to integer of different size [-Wpointer-to-int-cast]
  return (int)p;
         ^

[2/2] Linking [33mbuild/.conf_check_32296aebe08b0ff773bf2356d6c10b41/testbuild/testprog[0m

['/usr/bin/gcc', '-m64', 'test.c.1.o', '-o', '/user/ninastei/CCR/plc-2.0/build/.conf_check_32296aebe08b0ff773bf2356d6c10b41/testbuild/testprog', '-Wl,-rpath,/user/ninastei/CCR/plc-2.0/lib', '-Wl,-Bstatic', '-Wl,-Bdynamic', '-llapack', '-lblas']
yes
------------------------------------------------------------------
Checking for function dsyev
==>
#include <lapack_clik.h>

int main(int argc, char **argv) {
	void *p;
	(void)argc; (void)argv;
	p=(void*)(dsyev);
	return (int)p;
}

<==
[1/2] Compiling [32mbuild/.conf_check_5ddc2724bea235e45eac9aec756a4ab2/test.c[0m

['/usr/bin/gcc', '-I/user/ninastei/CCR/plc-2.0/include', '-DPYTHONDIR="/usr/lib/python2.7/site-packages"', '-DPYTHONARCHDIR="/usr/lib64/python2.7/site-packages"', '-DHAVE_PYEMBED=1', '-DHAVE_PYTHON_H=1', '-DHAS_LAPACK', '-DLAPACK_CLIK', '../test.c', '-c', '-o', '/user/ninastei/CCR/plc-2.0/build/.conf_check_5ddc2724bea235e45eac9aec756a4ab2/testbuild/test.c.1.o']
err: ../test.c: In function ‘main’:
../test.c:7:9: warning: cast from pointer to integer of different size [-Wpointer-to-int-cast]
  return (int)p;
         ^

[2/2] Linking [33mbuild/.conf_check_5ddc2724bea235e45eac9aec756a4ab2/testbuild/testprog[0m

['/usr/bin/gcc', '-m64', 'test.c.1.o', '-o', '/user/ninastei/CCR/plc-2.0/build/.conf_check_5ddc2724bea235e45eac9aec756a4ab2/testbuild/testprog', '-Wl,-rpath,/user/ninastei/CCR/plc-2.0/lib', '-Wl,-Bstatic', '-Wl,-Bdynamic', '-llapack', '-lblas']
yes
------------------------------------------------------------------
Checking for function dgesvd
==>
#include <lapack_clik.h>

int main(int argc, char **argv) {
	void *p;
	(void)argc; (void)argv;
	p=(void*)(dgesvd);
	return (int)p;
}

<==
[1/2] Compiling [32mbuild/.conf_check_e58e68e641dbab96169e3cbf1e0621f4/test.c[0m

['/usr/bin/gcc', '-I/user/ninastei/CCR/plc-2.0/include', '-DPYTHONDIR="/usr/lib/python2.7/site-packages"', '-DPYTHONARCHDIR="/usr/lib64/python2.7/site-packages"', '-DHAVE_PYEMBED=1', '-DHAVE_PYTHON_H=1', '-DHAS_LAPACK', '-DLAPACK_CLIK', '../test.c', '-c', '-o', '/user/ninastei/CCR/plc-2.0/build/.conf_check_e58e68e641dbab96169e3cbf1e0621f4/testbuild/test.c.1.o']
err: ../test.c: In function ‘main’:
../test.c:7:9: warning: cast from pointer to integer of different size [-Wpointer-to-int-cast]
  return (int)p;
         ^

[2/2] Linking [33mbuild/.conf_check_e58e68e641dbab96169e3cbf1e0621f4/testbuild/testprog[0m

['/usr/bin/gcc', '-m64', 'test.c.1.o', '-o', '/user/ninastei/CCR/plc-2.0/build/.conf_check_e58e68e641dbab96169e3cbf1e0621f4/testbuild/testprog', '-Wl,-rpath,/user/ninastei/CCR/plc-2.0/lib', '-Wl,-Bstatic', '-Wl,-Bdynamic', '-llapack', '-lblas']
yes
------------------------------------------------------------------
Checking for function dsymv
==>
#include <lapack_clik.h>

int main(int argc, char **argv) {
	void *p;
	(void)argc; (void)argv;
	p=(void*)(dsymv);
	return (int)p;
}

<==
[1/2] Compiling [32mbuild/.conf_check_7033ef3d8ae092f7a88247e632c51a84/test.c[0m

['/usr/bin/gcc', '-I/user/ninastei/CCR/plc-2.0/include', '-DPYTHONDIR="/usr/lib/python2.7/site-packages"', '-DPYTHONARCHDIR="/usr/lib64/python2.7/site-packages"', '-DHAVE_PYEMBED=1', '-DHAVE_PYTHON_H=1', '-DHAS_LAPACK', '-DLAPACK_CLIK', '../test.c', '-c', '-o', '/user/ninastei/CCR/plc-2.0/build/.conf_check_7033ef3d8ae092f7a88247e632c51a84/testbuild/test.c.1.o']
err: ../test.c: In function ‘main’:
../test.c:7:9: warning: cast from pointer to integer of different size [-Wpointer-to-int-cast]
  return (int)p;
         ^

[2/2] Linking [33mbuild/.conf_check_7033ef3d8ae092f7a88247e632c51a84/testbuild/testprog[0m

['/usr/bin/gcc', '-m64', 'test.c.1.o', '-o', '/user/ninastei/CCR/plc-2.0/build/.conf_check_7033ef3d8ae092f7a88247e632c51a84/testbuild/testprog', '-Wl,-rpath,/user/ninastei/CCR/plc-2.0/lib', '-Wl,-Bstatic', '-Wl,-Bdynamic', '-llapack', '-lblas']
yes
------------------------------------------------------------------
Checking for function dgemv
==>
#include <lapack_clik.h>

int main(int argc, char **argv) {
	void *p;
	(void)argc; (void)argv;
	p=(void*)(dgemv);
	return (int)p;
}

<==
[1/2] Compiling [32mbuild/.conf_check_d4e7107f578a9202715e673d03183158/test.c[0m

['/usr/bin/gcc', '-I/user/ninastei/CCR/plc-2.0/include', '-DPYTHONDIR="/usr/lib/python2.7/site-packages"', '-DPYTHONARCHDIR="/usr/lib64/python2.7/site-packages"', '-DHAVE_PYEMBED=1', '-DHAVE_PYTHON_H=1', '-DHAS_LAPACK', '-DLAPACK_CLIK', '../test.c', '-c', '-o', '/user/ninastei/CCR/plc-2.0/build/.conf_check_d4e7107f578a9202715e673d03183158/testbuild/test.c.1.o']
err: ../test.c: In function ‘main’:
../test.c:7:9: warning: cast from pointer to integer of different size [-Wpointer-to-int-cast]
  return (int)p;
         ^

[2/2] Linking [33mbuild/.conf_check_d4e7107f578a9202715e673d03183158/testbuild/testprog[0m

['/usr/bin/gcc', '-m64', 'test.c.1.o', '-o', '/user/ninastei/CCR/plc-2.0/build/.conf_check_d4e7107f578a9202715e673d03183158/testbuild/testprog', '-Wl,-rpath,/user/ninastei/CCR/plc-2.0/lib', '-Wl,-Bstatic', '-Wl,-Bdynamic', '-llapack', '-lblas']
yes
------------------------------------------------------------------
Checking for function dgemm
==>
#include <lapack_clik.h>

int main(int argc, char **argv) {
	void *p;
	(void)argc; (void)argv;
	p=(void*)(dgemm);
	return (int)p;
}

<==
[1/2] Compiling [32mbuild/.conf_check_d1deec1d0c02a48ca5575632a587f2bd/test.c[0m

['/usr/bin/gcc', '-I/user/ninastei/CCR/plc-2.0/include', '-DPYTHONDIR="/usr/lib/python2.7/site-packages"', '-DPYTHONARCHDIR="/usr/lib64/python2.7/site-packages"', '-DHAVE_PYEMBED=1', '-DHAVE_PYTHON_H=1', '-DHAS_LAPACK', '-DLAPACK_CLIK', '../test.c', '-c', '-o', '/user/ninastei/CCR/plc-2.0/build/.conf_check_d1deec1d0c02a48ca5575632a587f2bd/testbuild/test.c.1.o']
err: ../test.c: In function ‘main’:
../test.c:7:9: warning: cast from pointer to integer of different size [-Wpointer-to-int-cast]
  return (int)p;
         ^

[2/2] Linking [33mbuild/.conf_check_d1deec1d0c02a48ca5575632a587f2bd/testbuild/testprog[0m

['/usr/bin/gcc', '-m64', 'test.c.1.o', '-o', '/user/ninastei/CCR/plc-2.0/build/.conf_check_d1deec1d0c02a48ca5575632a587f2bd/testbuild/testprog', '-Wl,-rpath,/user/ninastei/CCR/plc-2.0/lib', '-Wl,-Bstatic', '-Wl,-Bdynamic', '-llapack', '-lblas']
yes
------------------------------------------------------------------
Checking for function dsyrk
==>
#include <lapack_clik.h>

int main(int argc, char **argv) {
	void *p;
	(void)argc; (void)argv;
	p=(void*)(dsyrk);
	return (int)p;
}

<==
[1/2] Compiling [32mbuild/.conf_check_dcfa280eea02e443a4a55528807bdd7d/test.c[0m

['/usr/bin/gcc', '-I/user/ninastei/CCR/plc-2.0/include', '-DPYTHONDIR="/usr/lib/python2.7/site-packages"', '-DPYTHONARCHDIR="/usr/lib64/python2.7/site-packages"', '-DHAVE_PYEMBED=1', '-DHAVE_PYTHON_H=1', '-DHAS_LAPACK', '-DLAPACK_CLIK', '../test.c', '-c', '-o', '/user/ninastei/CCR/plc-2.0/build/.conf_check_dcfa280eea02e443a4a55528807bdd7d/testbuild/test.c.1.o']
err: ../test.c: In function ‘main’:
../test.c:7:9: warning: cast from pointer to integer of different size [-Wpointer-to-int-cast]
  return (int)p;
         ^

[2/2] Linking [33mbuild/.conf_check_dcfa280eea02e443a4a55528807bdd7d/testbuild/testprog[0m

['/usr/bin/gcc', '-m64', 'test.c.1.o', '-o', '/user/ninastei/CCR/plc-2.0/build/.conf_check_dcfa280eea02e443a4a55528807bdd7d/testbuild/testprog', '-Wl,-rpath,/user/ninastei/CCR/plc-2.0/lib', '-Wl,-Bstatic', '-Wl,-Bdynamic', '-llapack', '-lblas']
yes
------------------------------------------------------------------
Checking for function dsyr2k
==>
#include <lapack_clik.h>

int main(int argc, char **argv) {
	void *p;
	(void)argc; (void)argv;
	p=(void*)(dsyr2k);
	return (int)p;
}

<==
[1/2] Compiling [32mbuild/.conf_check_bda3b9bd18e68d8efe246a328f851f12/test.c[0m

['/usr/bin/gcc', '-I/user/ninastei/CCR/plc-2.0/include', '-DPYTHONDIR="/usr/lib/python2.7/site-packages"', '-DPYTHONARCHDIR="/usr/lib64/python2.7/site-packages"', '-DHAVE_PYEMBED=1', '-DHAVE_PYTHON_H=1', '-DHAS_LAPACK', '-DLAPACK_CLIK', '../test.c', '-c', '-o', '/user/ninastei/CCR/plc-2.0/build/.conf_check_bda3b9bd18e68d8efe246a328f851f12/testbuild/test.c.1.o']
err: ../test.c: In function ‘main’:
../test.c:7:9: warning: cast from pointer to integer of different size [-Wpointer-to-int-cast]
  return (int)p;
         ^

[2/2] Linking [33mbuild/.conf_check_bda3b9bd18e68d8efe246a328f851f12/testbuild/testprog[0m

['/usr/bin/gcc', '-m64', 'test.c.1.o', '-o', '/user/ninastei/CCR/plc-2.0/build/.conf_check_bda3b9bd18e68d8efe246a328f851f12/testbuild/testprog', '-Wl,-rpath,/user/ninastei/CCR/plc-2.0/lib', '-Wl,-Bstatic', '-Wl,-Bdynamic', '-llapack', '-lblas']
yes
------------------------------------------------------------------
Checking for function daxpy
==>
#include <lapack_clik.h>

int main(int argc, char **argv) {
	void *p;
	(void)argc; (void)argv;
	p=(void*)(daxpy);
	return (int)p;
}

<==
[1/2] Compiling [32mbuild/.conf_check_3c017c31c856584ef9910445dc0ca3c8/test.c[0m

['/usr/bin/gcc', '-I/user/ninastei/CCR/plc-2.0/include', '-DPYTHONDIR="/usr/lib/python2.7/site-packages"', '-DPYTHONARCHDIR="/usr/lib64/python2.7/site-packages"', '-DHAVE_PYEMBED=1', '-DHAVE_PYTHON_H=1', '-DHAS_LAPACK', '-DLAPACK_CLIK', '../test.c', '-c', '-o', '/user/ninastei/CCR/plc-2.0/build/.conf_check_3c017c31c856584ef9910445dc0ca3c8/testbuild/test.c.1.o']
err: ../test.c: In function ‘main’:
../test.c:7:9: warning: cast from pointer to integer of different size [-Wpointer-to-int-cast]
  return (int)p;
         ^

[2/2] Linking [33mbuild/.conf_check_3c017c31c856584ef9910445dc0ca3c8/testbuild/testprog[0m

['/usr/bin/gcc', '-m64', 'test.c.1.o', '-o', '/user/ninastei/CCR/plc-2.0/build/.conf_check_3c017c31c856584ef9910445dc0ca3c8/testbuild/testprog', '-Wl,-rpath,/user/ninastei/CCR/plc-2.0/lib', '-Wl,-Bstatic', '-Wl,-Bdynamic', '-llapack', '-lblas']
yes
------------------------------------------------------------------
Checking for function dtrsm
==>
#include <lapack_clik.h>

int main(int argc, char **argv) {
	void *p;
	(void)argc; (void)argv;
	p=(void*)(dtrsm);
	return (int)p;
}

<==
[1/2] Compiling [32mbuild/.conf_check_204c5fa29f941e831539750f222326d0/test.c[0m

['/usr/bin/gcc', '-I/user/ninastei/CCR/plc-2.0/include', '-DPYTHONDIR="/usr/lib/python2.7/site-packages"', '-DPYTHONARCHDIR="/usr/lib64/python2.7/site-packages"', '-DHAVE_PYEMBED=1', '-DHAVE_PYTHON_H=1', '-DHAS_LAPACK', '-DLAPACK_CLIK', '../test.c', '-c', '-o', '/user/ninastei/CCR/plc-2.0/build/.conf_check_204c5fa29f941e831539750f222326d0/testbuild/test.c.1.o']
err: ../test.c: In function ‘main’:
../test.c:7:9: warning: cast from pointer to integer of different size [-Wpointer-to-int-cast]
  return (int)p;
         ^

[2/2] Linking [33mbuild/.conf_check_204c5fa29f941e831539750f222326d0/testbuild/testprog[0m

['/usr/bin/gcc', '-m64', 'test.c.1.o', '-o', '/user/ninastei/CCR/plc-2.0/build/.conf_check_204c5fa29f941e831539750f222326d0/testbuild/testprog', '-Wl,-rpath,/user/ninastei/CCR/plc-2.0/lib', '-Wl,-Bstatic', '-Wl,-Bdynamic', '-llapack', '-lblas']
yes
------------------------------------------------------------------
Checking for function dsymm
==>
#include <lapack_clik.h>

int main(int argc, char **argv) {
	void *p;
	(void)argc; (void)argv;
	p=(void*)(dsymm);
	return (int)p;
}

<==
[1/2] Compiling [32mbuild/.conf_check_f031ae5032a34829647161c280001d54/test.c[0m

['/usr/bin/gcc', '-I/user/ninastei/CCR/plc-2.0/include', '-DPYTHONDIR="/usr/lib/python2.7/site-packages"', '-DPYTHONARCHDIR="/usr/lib64/python2.7/site-packages"', '-DHAVE_PYEMBED=1', '-DHAVE_PYTHON_H=1', '-DHAS_LAPACK', '-DLAPACK_CLIK', '../test.c', '-c', '-o', '/user/ninastei/CCR/plc-2.0/build/.conf_check_f031ae5032a34829647161c280001d54/testbuild/test.c.1.o']
err: ../test.c: In function ‘main’:
../test.c:7:9: warning: cast from pointer to integer of different size [-Wpointer-to-int-cast]
  return (int)p;
         ^

[2/2] Linking [33mbuild/.conf_check_f031ae5032a34829647161c280001d54/testbuild/testprog[0m

['/usr/bin/gcc', '-m64', 'test.c.1.o', '-o', '/user/ninastei/CCR/plc-2.0/build/.conf_check_f031ae5032a34829647161c280001d54/testbuild/testprog', '-Wl,-rpath,/user/ninastei/CCR/plc-2.0/lib', '-Wl,-Bstatic', '-Wl,-Bdynamic', '-llapack', '-lblas']
yes
------------------------------------------------------------------
Checking for function dsyr
==>
#include <lapack_clik.h>

int main(int argc, char **argv) {
	void *p;
	(void)argc; (void)argv;
	p=(void*)(dsyr);
	return (int)p;
}

<==
[1/2] Compiling [32mbuild/.conf_check_838b36be481ebacbc2da1e3169507e1c/test.c[0m

['/usr/bin/gcc', '-I/user/ninastei/CCR/plc-2.0/include', '-DPYTHONDIR="/usr/lib/python2.7/site-packages"', '-DPYTHONARCHDIR="/usr/lib64/python2.7/site-packages"', '-DHAVE_PYEMBED=1', '-DHAVE_PYTHON_H=1', '-DHAS_LAPACK', '-DLAPACK_CLIK', '../test.c', '-c', '-o', '/user/ninastei/CCR/plc-2.0/build/.conf_check_838b36be481ebacbc2da1e3169507e1c/testbuild/test.c.1.o']
err: ../test.c: In function ‘main’:
../test.c:7:9: warning: cast from pointer to integer of different size [-Wpointer-to-int-cast]
  return (int)p;
         ^

[2/2] Linking [33mbuild/.conf_check_838b36be481ebacbc2da1e3169507e1c/testbuild/testprog[0m

['/usr/bin/gcc', '-m64', 'test.c.1.o', '-o', '/user/ninastei/CCR/plc-2.0/build/.conf_check_838b36be481ebacbc2da1e3169507e1c/testbuild/testprog', '-Wl,-rpath,/user/ninastei/CCR/plc-2.0/lib', '-Wl,-Bstatic', '-Wl,-Bdynamic', '-llapack', '-lblas']
yes
------------------------------------------------------------------
Checking for function ddot
==>
#include <lapack_clik.h>

int main(int argc, char **argv) {
	void *p;
	(void)argc; (void)argv;
	p=(void*)(ddot);
	return (int)p;
}

<==
[1/2] Compiling [32mbuild/.conf_check_c0607023ce5660c3901d7896e45d0a14/test.c[0m

['/usr/bin/gcc', '-I/user/ninastei/CCR/plc-2.0/include', '-DPYTHONDIR="/usr/lib/python2.7/site-packages"', '-DPYTHONARCHDIR="/usr/lib64/python2.7/site-packages"', '-DHAVE_PYEMBED=1', '-DHAVE_PYTHON_H=1', '-DHAS_LAPACK', '-DLAPACK_CLIK', '../test.c', '-c', '-o', '/user/ninastei/CCR/plc-2.0/build/.conf_check_c0607023ce5660c3901d7896e45d0a14/testbuild/test.c.1.o']
err: ../test.c: In function ‘main’:
../test.c:7:9: warning: cast from pointer to integer of different size [-Wpointer-to-int-cast]
  return (int)p;
         ^

[2/2] Linking [33mbuild/.conf_check_c0607023ce5660c3901d7896e45d0a14/testbuild/testprog[0m

['/usr/bin/gcc', '-m64', 'test.c.1.o', '-o', '/user/ninastei/CCR/plc-2.0/build/.conf_check_c0607023ce5660c3901d7896e45d0a14/testbuild/testprog', '-Wl,-rpath,/user/ninastei/CCR/plc-2.0/lib', '-Wl,-Bstatic', '-Wl,-Bdynamic', '-llapack', '-lblas']
yes
------------------------------------------------------------------
Checking for function dsyevd
==>
#include <lapack_clik.h>

int main(int argc, char **argv) {
	void *p;
	(void)argc; (void)argv;
	p=(void*)(dsyevd);
	return (int)p;
}

<==
[1/2] Compiling [32mbuild/.conf_check_d4ea03b65990097a5b4071b01f24590e/test.c[0m

['/usr/bin/gcc', '-I/user/ninastei/CCR/plc-2.0/include', '-DPYTHONDIR="/usr/lib/python2.7/site-packages"', '-DPYTHONARCHDIR="/usr/lib64/python2.7/site-packages"', '-DHAVE_PYEMBED=1', '-DHAVE_PYTHON_H=1', '-DHAS_LAPACK', '-DLAPACK_CLIK', '../test.c', '-c', '-o', '/user/ninastei/CCR/plc-2.0/build/.conf_check_d4ea03b65990097a5b4071b01f24590e/testbuild/test.c.1.o']
err: ../test.c: In function ‘main’:
../test.c:7:9: warning: cast from pointer to integer of different size [-Wpointer-to-int-cast]
  return (int)p;
         ^

[2/2] Linking [33mbuild/.conf_check_d4ea03b65990097a5b4071b01f24590e/testbuild/testprog[0m

['/usr/bin/gcc', '-m64', 'test.c.1.o', '-o', '/user/ninastei/CCR/plc-2.0/build/.conf_check_d4ea03b65990097a5b4071b01f24590e/testbuild/testprog', '-Wl,-rpath,/user/ninastei/CCR/plc-2.0/lib', '-Wl,-Bstatic', '-Wl,-Bdynamic', '-llapack', '-lblas']
yes
------------------------------------------------------------------
Checking for function dlamch
==>
#include <lapack_clik.h>

int main(int argc, char **argv) {
	void *p;
	(void)argc; (void)argv;
	p=(void*)(dlamch);
	return (int)p;
}

<==
[1/2] Compiling [32mbuild/.conf_check_3575d151feb29ec1ac0dc8c2eb3dd253/test.c[0m

['/usr/bin/gcc', '-I/user/ninastei/CCR/plc-2.0/include', '-DPYTHONDIR="/usr/lib/python2.7/site-packages"', '-DPYTHONARCHDIR="/usr/lib64/python2.7/site-packages"', '-DHAVE_PYEMBED=1', '-DHAVE_PYTHON_H=1', '-DHAS_LAPACK', '-DLAPACK_CLIK', '../test.c', '-c', '-o', '/user/ninastei/CCR/plc-2.0/build/.conf_check_3575d151feb29ec1ac0dc8c2eb3dd253/testbuild/test.c.1.o']
err: ../test.c: In function ‘main’:
../test.c:7:9: warning: cast from pointer to integer of different size [-Wpointer-to-int-cast]
  return (int)p;
         ^

[2/2] Linking [33mbuild/.conf_check_3575d151feb29ec1ac0dc8c2eb3dd253/testbuild/testprog[0m

['/usr/bin/gcc', '-m64', 'test.c.1.o', '-o', '/user/ninastei/CCR/plc-2.0/build/.conf_check_3575d151feb29ec1ac0dc8c2eb3dd253/testbuild/testprog', '-Wl,-rpath,/user/ninastei/CCR/plc-2.0/lib', '-Wl,-Bstatic', '-Wl,-Bdynamic', '-llapack', '-lblas']
yes
------------------------------------------------------------------
Checking for function dsyevr
==>
#include <lapack_clik.h>

int main(int argc, char **argv) {
	void *p;
	(void)argc; (void)argv;
	p=(void*)(dsyevr);
	return (int)p;
}

<==
[1/2] Compiling [32mbuild/.conf_check_bd38996d9638d0f7c36c51146e6e39eb/test.c[0m

['/usr/bin/gcc', '-I/user/ninastei/CCR/plc-2.0/include', '-DPYTHONDIR="/usr/lib/python2.7/site-packages"', '-DPYTHONARCHDIR="/usr/lib64/python2.7/site-packages"', '-DHAVE_PYEMBED=1', '-DHAVE_PYTHON_H=1', '-DHAS_LAPACK', '-DLAPACK_CLIK', '../test.c', '-c', '-o', '/user/ninastei/CCR/plc-2.0/build/.conf_check_bd38996d9638d0f7c36c51146e6e39eb/testbuild/test.c.1.o']
err: ../test.c: In function ‘main’:
../test.c:7:9: warning: cast from pointer to integer of different size [-Wpointer-to-int-cast]
  return (int)p;
         ^

[2/2] Linking [33mbuild/.conf_check_bd38996d9638d0f7c36c51146e6e39eb/testbuild/testprog[0m

['/usr/bin/gcc', '-m64', 'test.c.1.o', '-o', '/user/ninastei/CCR/plc-2.0/build/.conf_check_bd38996d9638d0f7c36c51146e6e39eb/testbuild/testprog', '-Wl,-rpath,/user/ninastei/CCR/plc-2.0/lib', '-Wl,-Bstatic', '-Wl,-Bdynamic', '-llapack', '-lblas']
yes
------------------------------------------------------------------
Checking for library ['cfitsio']
==>

int main(int argc, char **argv) {
	(void)argc; (void)argv;
	return 0;
}

<==
[1/2] Compiling [32mbuild/.conf_check_c0aeed1b64389f774e9fb39c93a144ae/test.c[0m

['/usr/bin/gcc', '-fPIC', '-shared', '-I/user/ninastei/CCR/plc-2.0/include', '-DPYTHONDIR="/usr/lib/python2.7/site-packages"', '-DPYTHONARCHDIR="/usr/lib64/python2.7/site-packages"', '-DHAVE_PYEMBED=1', '-DHAVE_PYTHON_H=1', '../test.c', '-c', '-o', '/user/ninastei/CCR/plc-2.0/build/.conf_check_c0aeed1b64389f774e9fb39c93a144ae/testbuild/test.c.1.o']
[2/2] Linking [33mbuild/.conf_check_c0aeed1b64389f774e9fb39c93a144ae/testbuild/testprog[0m

['/usr/bin/gcc', '-m64', '-shared', 'test.c.1.o', '-o', '/user/ninastei/CCR/plc-2.0/build/.conf_check_c0aeed1b64389f774e9fb39c93a144ae/testbuild/testprog', '-Wl,-rpath,/user/ninastei/CCR/plc-2.0/lib', '-Wl,-rpath,/user/ninastei/CCR/plc-2.0/lib', '-Wl,-Bstatic', '-Wl,-Bdynamic', '-L/user/ninastei/CCR/plc-2.0/lib', '-lcfitsio']
yes
------------------------------------------------------------------
Checking for function fits_init_cfitsio
==>
#include <fitsio.h>

int main(int argc, char **argv) {
	void *p;
	(void)argc; (void)argv;
	p=(void*)(fits_init_cfitsio);
	return (int)p;
}

<==
[1/2] Compiling [32mbuild/.conf_check_6ba2f586d1937ad59861ca63fdd6d185/test.c[0m

['/usr/bin/gcc', '-fPIC', '-shared', '-I/user/ninastei/CCR/plc-2.0/include', '-DPYTHONDIR="/usr/lib/python2.7/site-packages"', '-DPYTHONARCHDIR="/usr/lib64/python2.7/site-packages"', '-DHAVE_PYEMBED=1', '-DHAVE_PYTHON_H=1', '../test.c', '-c', '-o', '/user/ninastei/CCR/plc-2.0/build/.conf_check_6ba2f586d1937ad59861ca63fdd6d185/testbuild/test.c.1.o']
err: ../test.c: In function ‘main’:
../test.c:7:9: warning: cast from pointer to integer of different size [-Wpointer-to-int-cast]
  return (int)p;
         ^

[2/2] Linking [33mbuild/.conf_check_6ba2f586d1937ad59861ca63fdd6d185/testbuild/testprog[0m

['/usr/bin/gcc', '-m64', '-shared', 'test.c.1.o', '-o', '/user/ninastei/CCR/plc-2.0/build/.conf_check_6ba2f586d1937ad59861ca63fdd6d185/testbuild/testprog', '-Wl,-rpath,/user/ninastei/CCR/plc-2.0/lib', '-Wl,-rpath,/user/ninastei/CCR/plc-2.0/lib', '-Wl,-Bstatic', '-Wl,-Bdynamic', '-L/user/ninastei/CCR/plc-2.0/lib', '-lcfitsio']
yes
(tool python is already loaded, skipping)
------------------------------------------------------------------
Checking python module 'numpy'
ok
(tool python is already loaded, skipping)
------------------------------------------------------------------
Checking python module 'pyfits'
ok
(tool python is already loaded, skipping)
------------------------------------------------------------------
Checking python module 'cython'
ok
------------------------------------------------------------------
Checking python module 'cython'
ok
------------------------------------------------------------------
Checking cython version (>0.12)
0.28.5
------------------------------------------------------------------
Checking for program 'cython'
/user/ninastei/CCR/plc-2.0/bin/cython
find program=['cython'] paths=['/user/ninastei/CCR/plc-2.0/bin', '/usr/lib64/qt-3.3/bin', '/usr/local/bin', '/usr/bin', '/usr/local/sbin', '/usr/sbin', '/usr/lpp/mmfs/bin', '/opt/dell/srvadmin/bin', '/user/ninastei/bin', '/user/ninastei/Mybin', '/user/ninastei/CCR/Mybin/hpc1', '/user/ninastei/bin'] var='CYTHON' -> ['/user/ninastei/CCR/plc-2.0/bin/cython']
------------------------------------------------------------------
Add plugin : 'rel2015'
ok
